Copyright 1986-2018 Xilinx, Inc. All Rights Reserved.
-----------------------------------------------------------------------------------------
| Tool Version : Vivado v.2018.2 (win64) Build 2258646 Thu Jun 14 20:03:12 MDT 2018
| Date         : Fri Apr  2 04:01:08 2021
| Host         : DESKTOP-G8S3G7P running 64-bit major release  (build 9200)
| Command      : report_clock_utilization -file Top_Student_clock_utilization_routed.rpt
| Design       : Top_Student
| Device       : 7a35t-cpg236
| Speed File   : -1  PRODUCTION 1.22 2018-03-21
-----------------------------------------------------------------------------------------

Clock Utilization Report

Table of Contents
-----------------
1. Clock Primitive Utilization
2. Global Clock Resources
3. Global Clock Source Details
4. Local Clock Details
5. Clock Regions: Key Resource Utilization
6. Clock Regions : Global Clock Summary
7. Device Cell Placement Summary for Global Clock g0
8. Device Cell Placement Summary for Global Clock g1
9. Device Cell Placement Summary for Global Clock g2
10. Device Cell Placement Summary for Global Clock g3
11. Device Cell Placement Summary for Global Clock g4
12. Device Cell Placement Summary for Global Clock g5
13. Device Cell Placement Summary for Global Clock g6
14. Clock Region Cell Placement per Global Clock: Region X0Y0
15. Clock Region Cell Placement per Global Clock: Region X1Y0
16. Clock Region Cell Placement per Global Clock: Region X0Y1
17. Clock Region Cell Placement per Global Clock: Region X1Y1
18. Clock Region Cell Placement per Global Clock: Region X0Y2

1. Clock Primitive Utilization
------------------------------

+----------+------+-----------+-----+--------------+--------+
| Type     | Used | Available | LOC | Clock Region | Pblock |
+----------+------+-----------+-----+--------------+--------+
| BUFGCTRL |    7 |        32 |   0 |            0 |      0 |
| BUFH     |    0 |        72 |   0 |            0 |      0 |
| BUFIO    |    0 |        20 |   0 |            0 |      0 |
| BUFMR    |    0 |        10 |   0 |            0 |      0 |
| BUFR     |    0 |        20 |   0 |            0 |      0 |
| MMCM     |    0 |         5 |   0 |            0 |      0 |
| PLL      |    0 |         5 |   0 |            0 |      0 |
+----------+------+-----------+-----+--------------+--------+


2. Global Clock Resources
-------------------------

+-----------+-----------+-----------------+------------+---------------+--------------+-------------------+-------------+-----------------+--------------+-------------+------------------------------+-----------------------+
| Global Id | Source Id | Driver Type/Pin | Constraint | Site          | Clock Region | Load Clock Region | Clock Loads | Non-Clock Loads | Clock Period | Clock       | Driver Pin                   | Net                   |
+-----------+-----------+-----------------+------------+---------------+--------------+-------------------+-------------+-----------------+--------------+-------------+------------------------------+-----------------------+
| g0        | src0      | BUFG/O          | None       | BUFGCTRL_X0Y1 | n/a          |                 4 |         416 |               0 |              |             | list_reg[256]_i_2/O          | clock_selector__0     |
| g1        | src1      | BUFG/O          | None       | BUFGCTRL_X0Y2 | n/a          |                 3 |         211 |               0 |       10.000 | sys_clk_pin | CLK100MHZ_IBUF_BUFG_inst/O   | CLK100MHZ_IBUF_BUFG   |
| g2        | src2      | BUFG/O          | None       | BUFGCTRL_X0Y0 | n/a          |                 4 |         196 |              13 |              |             | J_MIC3_Pin1_OBUF_BUFG_inst/O | J_MIC3_Pin1_OBUF_BUFG |
| g3        | src3      | BUFG/O          | None       | BUFGCTRL_X0Y3 | n/a          |                 4 |         149 |               0 |              |             | clk6p25m_BUFG_inst/O         | clk6p25m_BUFG         |
| g4        | src4      | BUFG/O          | None       | BUFGCTRL_X0Y4 | n/a          |                 4 |         137 |               0 |              |             | juggle_speed_BUFG_inst/O     | juggle_speed_BUFG     |
| g5        | src5      | BUFG/O          | None       | BUFGCTRL_X0Y5 | n/a          |                 2 |          54 |               0 |              |             | background_speed_BUFG_inst/O | background_speed_BUFG |
| g6        | src6      | BUFG/O          | None       | BUFGCTRL_X0Y6 | n/a          |                 2 |          37 |               0 |              |             | clk381hz_BUFG_inst/O         | clk381hz_BUFG         |
+-----------+-----------+-----------------+------------+---------------+--------------+-------------------+-------------+-----------------+--------------+-------------+------------------------------+-----------------------+
* Clock Loads column represents the clock pin loads (pin count)
** Non-Clock Loads column represents the non-clock pin loads (pin count)


3. Global Clock Source Details
------------------------------

+-----------+-----------+-----------------+------------+--------------+--------------+-------------+-----------------+---------------------+--------------+------------------------------------------+--------------------------+
| Source Id | Global Id | Driver Type/Pin | Constraint | Site         | Clock Region | Clock Loads | Non-Clock Loads | Source Clock Period | Source Clock | Driver Pin                               | Net                      |
+-----------+-----------+-----------------+------------+--------------+--------------+-------------+-----------------+---------------------+--------------+------------------------------------------+--------------------------+
| src0      | g0        | LDCE/Q          | None       | SLICE_X36Y41 | X1Y0         |           1 |               4 |                     |              | nolabel_line112/clock_selector_reg/Q     | nolabel_line112/Left_reg |
| src1      | g1        | IBUF/O          | IOB_X1Y26  | IOB_X1Y26    | X1Y0         |           1 |               0 |              10.000 | sys_clk_pin  | CLK100MHZ_IBUF_inst/O                    | CLK100MHZ_IBUF           |
| src2      | g2        | FDRE/Q          | None       | SLICE_X35Y46 | X0Y0         |           1 |               1 |                     |              | c4/new_clk_reg/Q                         | c4/J_MIC3_Pin1_OBUF      |
| src3      | g3        | FDRE/Q          | None       | SLICE_X29Y34 | X0Y0         |           1 |               2 |                     |              | CLK6P25M/new_clk_reg/Q                   | CLK6P25M/clk6p25m        |
| src4      | g4        | LUT3/O          | None       | SLICE_X36Y46 | X1Y0         |           1 |               0 |                     |              | CLK15HZ/juggle_speed_BUFG_inst_i_1/O     | CLK15HZ/juggle_speed     |
| src5      | g5        | LUT3/O          | None       | SLICE_X35Y43 | X0Y0         |           1 |               0 |                     |              | CLK10HZ/background_speed_BUFG_inst_i_1/O | CLK10HZ/background_speed |
| src6      | g6        | FDRE/Q          | None       | SLICE_X35Y46 | X0Y0         |           1 |               1 |                     |              | CLK381HZ/new_clk_reg/Q                   | CLK381HZ/clk381hz        |
+-----------+-----------+-----------------+------------+--------------+--------------+-------------+-----------------+---------------------+--------------+------------------------------------------+--------------------------+
* Clock Loads column represents the clock pin loads (pin count)
** Non-Clock Loads column represents the non-clock pin loads (pin count)


4. Local Clock Details
----------------------

+----------+-----------------+------------+------------------+--------------+-------------+-----------------+--------------+-------+-----------------------+---------------------+
| Local Id | Driver Type/Pin | Constraint | Site/BEL         | Clock Region | Clock Loads | Non-Clock Loads | Clock Period | Clock | Driver Pin            | Net                 |
+----------+-----------------+------------+------------------+--------------+-------------+-----------------+--------------+-------+-----------------------+---------------------||
| 0        | FDRE/Q          | None       | SLICE_X30Y77/AFF | X0Y1         |          12 |               2 |              |       | f0/sclk_reg/Q         | f0/J_MIC3_Pin4_OBUF - Static -
| 1        | FDRE/Q          | None       | SLICE_X35Y43/AFF | X0Y0         |           6 |               4 |              |       | CLK10HZ/new_clk_reg/Q | CLK10HZ/clk10hz     - Static -
| 2        | FDRE/Q          | None       | SLICE_X36Y46/AFF | X1Y0         |           6 |               3 |              |       | CLK15HZ/new_clk_reg/Q | CLK15HZ/clk15hz     - Static -
+----------+-----------------+------------+------------------+--------------+-------------+-----------------+--------------+-------+-----------------------+---------------------||
* Local Clocks in this context represents only clocks driven by non-global buffers
** Clock Loads column represents the clock pin loads (pin count)
*** Non-Clock Loads column represents the non-clock pin loads (pin count)


5. Clock Regions: Key Resource Utilization
------------------------------------------

+-------------------+--------------+--------------+--------------+--------------+--------------+--------------+--------------+--------------+--------------+--------------+--------------+--------------+--------------+--------------+--------------+
|                   | Global Clock |     BUFRs    |    BUFMRs    |    BUFIOs    |     MMCM     |      PLL     |      GT      |      PCI     |    ILOGIC    |    OLOGIC    |      FF      |     LUTM     |    RAMB18    |    RAMB36    |    DSP48E2   |
+-------------------+------+-------+------+-------+------+-------+------+-------+------+-------+------+-------+------+-------+------+-------+------+-------+------+-------+------+-------+------+-------+------+-------+------+-------+------+-------+
| Clock Region Name | Used | Avail | Used | Avail | Used | Avail | Used | Avail | Used | Avail | Used | Avail | Used | Avail | Used | Avail | Used | Avail | Used | Avail | Used | Avail | Used | Avail | Used | Avail | Used | Avail | Used | Avail |
+-------------------+------+-------+------+-------+------+-------+------+-------+------+-------+------+-------+------+-------+------+-------+------+-------+------+-------+------+-------+------+-------+------+-------+------+-------+------+-------+
| X0Y0              |    7 |    12 |    0 |     4 |    0 |     2 |    0 |     4 |    0 |     1 |    0 |     1 |    0 |     0 |    0 |     0 |    0 |    50 |    0 |    50 |  427 |  1200 |  148 |   400 |    0 |    20 |    0 |    10 |    0 |    20 |
| X1Y0              |    7 |    12 |    0 |     4 |    0 |     2 |    0 |     4 |    0 |     1 |    0 |     1 |    0 |     0 |    0 |     0 |    0 |    50 |    0 |    50 |  315 |  1500 |   53 |   450 |    0 |    40 |    0 |    20 |    0 |    20 |
| X0Y1              |    5 |    12 |    0 |     4 |    0 |     2 |    0 |     4 |    0 |     1 |    0 |     1 |    0 |     0 |    0 |     0 |    0 |    50 |    0 |    50 |  199 |  1200 |   64 |   400 |    0 |    20 |    0 |    10 |    0 |    20 |
| X1Y1              |    3 |    12 |    0 |     4 |    0 |     2 |    0 |     4 |    0 |     1 |    0 |     1 |    0 |     0 |    0 |     0 |    0 |    50 |    0 |    50 |  270 |  1500 |   70 |   450 |    0 |    40 |    0 |    20 |    0 |    20 |
| X0Y2              |    1 |    12 |    0 |     4 |    0 |     2 |    0 |     4 |    0 |     1 |    0 |     1 |    0 |     0 |    0 |     0 |    0 |    50 |    0 |    50 |    0 |  1800 |    0 |   400 |    0 |    20 |    0 |    10 |    0 |    20 |
| X1Y2              |    0 |    12 |    0 |     0 |    0 |     0 |    0 |     0 |    0 |     0 |    0 |     0 |    0 |     4 |    0 |     1 |    0 |     0 |    0 |     0 |    0 |   950 |    0 |   300 |    0 |    10 |    0 |     5 |    0 |    20 |
+-------------------+------+-------+------+-------+------+-------+------+-------+------+-------+------+-------+------+-------+------+-------+------+-------+------+-------+------+-------+------+-------+------+-------+------+-------+------+-------+
* Global Clock column represents track count; while other columns represents cell counts


6. Clock Regions : Global Clock Summary
---------------------------------------

All Modules
+----+----+----+
|    | X0 | X1 |
+----+----+----+
| Y2 |  1 |  0 |
| Y1 |  5 |  3 |
| Y0 |  7 |  7 |
+----+----+----+


7. Device Cell Placement Summary for Global Clock g0
----------------------------------------------------

+-----------+-----------------+-------------------+-------+-------------+---------------+-------------+----------+----------------+----------+-------------------+
| Global Id | Driver Type/Pin | Driver Region (D) | Clock | Period (ns) | Waveform (ns) | Slice Loads | IO Loads | Clocking Loads | GT Loads | Net               |
+-----------+-----------------+-------------------+-------+-------------+---------------+-------------+----------+----------------+----------+-------------------+
| g0        | BUFG/O          | n/a               |       |             |               |         416 |        0 |              0 |        0 | clock_selector__0 |
+-----------+-----------------+-------------------+-------+-------------+---------------+-------------+----------+----------------+----------+-------------------+
* Logic Loads column represents load cell count of all cell types other than IO, GT and clock resources
** IO Loads column represents load cell count of IO types
*** Clocking Loads column represents load cell count that are clock resources (global clock buffer, MMCM, PLL, etc)
**** GT Loads column represents load cell count of GT types


+----+------+------+
|    | X0   | X1   |
+----+------+------+
| Y2 |    0 |    0 |
| Y1 |  175 |  227 |
| Y0 |   11 |    3 |
+----+------+------+


8. Device Cell Placement Summary for Global Clock g1
----------------------------------------------------

+-----------+-----------------+-------------------+-------------+-------------+---------------+-------------+----------+----------------+----------+---------------------+
| Global Id | Driver Type/Pin | Driver Region (D) | Clock       | Period (ns) | Waveform (ns) | Slice Loads | IO Loads | Clocking Loads | GT Loads | Net                 |
+-----------+-----------------+-------------------+-------------+-------------+---------------+-------------+----------+----------------+----------+---------------------+
| g1        | BUFG/O          | n/a               | sys_clk_pin |      10.000 | {0.000 5.000} |         211 |        0 |              0 |        0 | CLK100MHZ_IBUF_BUFG |
+-----------+-----------------+-------------------+-------------+-------------+---------------+-------------+----------+----------------+----------+---------------------+
* Logic Loads column represents load cell count of all cell types other than IO, GT and clock resources
** IO Loads column represents load cell count of IO types
*** Clocking Loads column represents load cell count that are clock resources (global clock buffer, MMCM, PLL, etc)
**** GT Loads column represents load cell count of GT types


+----+------+-----+
|    | X0   | X1  |
+----+------+-----+
| Y2 |    0 |   0 |
| Y1 |   29 |   0 |
| Y0 |  149 |  33 |
+----+------+-----+


9. Device Cell Placement Summary for Global Clock g2
----------------------------------------------------

+-----------+-----------------+-------------------+-------+-------------+---------------+-------------+----------+----------------+----------+-----------------------+
| Global Id | Driver Type/Pin | Driver Region (D) | Clock | Period (ns) | Waveform (ns) | Slice Loads | IO Loads | Clocking Loads | GT Loads | Net                   |
+-----------+-----------------+-------------------+-------+-------------+---------------+-------------+----------+----------------+----------+-----------------------+
| g2        | BUFG/O          | n/a               |       |             |               |         208 |        1 |              0 |        0 | J_MIC3_Pin1_OBUF_BUFG |
+-----------+-----------------+-------------------+-------+-------------+---------------+-------------+----------+----------------+----------+-----------------------+
* Logic Loads column represents load cell count of all cell types other than IO, GT and clock resources
** IO Loads column represents load cell count of IO types
*** Clocking Loads column represents load cell count that are clock resources (global clock buffer, MMCM, PLL, etc)
**** GT Loads column represents load cell count of GT types


+----+------+-----+
|    | X0   | X1  |
+----+------+-----+
| Y2 |    1 |   0 |
| Y1 |   12 |   0 |
| Y0 |  126 |  70 |
+----+------+-----+


10. Device Cell Placement Summary for Global Clock g3
-----------------------------------------------------

+-----------+-----------------+-------------------+-------+-------------+---------------+-------------+----------+----------------+----------+---------------+
| Global Id | Driver Type/Pin | Driver Region (D) | Clock | Period (ns) | Waveform (ns) | Slice Loads | IO Loads | Clocking Loads | GT Loads | Net           |
+-----------+-----------------+-------------------+-------+-------------+---------------+-------------+----------+----------------+----------+---------------+
| g3        | BUFG/O          | n/a               |       |             |               |         149 |        0 |              0 |        0 | clk6p25m_BUFG |
+-----------+-----------------+-------------------+-------+-------------+---------------+-------------+----------+----------------+----------+---------------+
* Logic Loads column represents load cell count of all cell types other than IO, GT and clock resources
** IO Loads column represents load cell count of IO types
*** Clocking Loads column represents load cell count that are clock resources (global clock buffer, MMCM, PLL, etc)
**** GT Loads column represents load cell count of GT types


+----+------+-----+
|    | X0   | X1  |
+----+------+-----+
| Y2 |    0 |   0 |
| Y1 |    1 |   1 |
| Y0 |  103 |  44 |
+----+------+-----+


11. Device Cell Placement Summary for Global Clock g4
-----------------------------------------------------

+-----------+-----------------+-------------------+-------+-------------+---------------+-------------+----------+----------------+----------+-------------------+
| Global Id | Driver Type/Pin | Driver Region (D) | Clock | Period (ns) | Waveform (ns) | Slice Loads | IO Loads | Clocking Loads | GT Loads | Net               |
+-----------+-----------------+-------------------+-------+-------------+---------------+-------------+----------+----------------+----------+-------------------+
| g4        | BUFG/O          | n/a               |       |             |               |         137 |        0 |              0 |        0 | juggle_speed_BUFG |
+-----------+-----------------+-------------------+-------+-------------+---------------+-------------+----------+----------------+----------+-------------------+
* Logic Loads column represents load cell count of all cell types other than IO, GT and clock resources
** IO Loads column represents load cell count of IO types
*** Clocking Loads column represents load cell count that are clock resources (global clock buffer, MMCM, PLL, etc)
**** GT Loads column represents load cell count of GT types


+----+----+-----+
|    | X0 | X1  |
+----+----+-----+
| Y2 |  0 |   0 |
| Y1 |  3 |  42 |
| Y0 |  9 |  83 |
+----+----+-----+


12. Device Cell Placement Summary for Global Clock g5
-----------------------------------------------------

+-----------+-----------------+-------------------+-------+-------------+---------------+-------------+----------+----------------+----------+-----------------------+
| Global Id | Driver Type/Pin | Driver Region (D) | Clock | Period (ns) | Waveform (ns) | Slice Loads | IO Loads | Clocking Loads | GT Loads | Net                   |
+-----------+-----------------+-------------------+-------+-------------+---------------+-------------+----------+----------------+----------+-----------------------+
| g5        | BUFG/O          | n/a               |       |             |               |          54 |        0 |              0 |        0 | background_speed_BUFG |
+-----------+-----------------+-------------------+-------+-------------+---------------+-------------+----------+----------------+----------+-----------------------+
* Logic Loads column represents load cell count of all cell types other than IO, GT and clock resources
** IO Loads column represents load cell count of IO types
*** Clocking Loads column represents load cell count that are clock resources (global clock buffer, MMCM, PLL, etc)
**** GT Loads column represents load cell count of GT types


+----+-----+-----+
|    | X0  | X1  |
+----+-----+-----+
| Y2 |   0 |   0 |
| Y1 |   0 |   0 |
| Y0 |  15 |  39 |
+----+-----+-----+


13. Device Cell Placement Summary for Global Clock g6
-----------------------------------------------------

+-----------+-----------------+-------------------+-------+-------------+---------------+-------------+----------+----------------+----------+---------------+
| Global Id | Driver Type/Pin | Driver Region (D) | Clock | Period (ns) | Waveform (ns) | Slice Loads | IO Loads | Clocking Loads | GT Loads | Net           |
+-----------+-----------------+-------------------+-------+-------------+---------------+-------------+----------+----------------+----------+---------------+
| g6        | BUFG/O          | n/a               |       |             |               |          37 |        0 |              0 |        0 | clk381hz_BUFG |
+-----------+-----------------+-------------------+-------+-------------+---------------+-------------+----------+----------------+----------+---------------+
* Logic Loads column represents load cell count of all cell types other than IO, GT and clock resources
** IO Loads column represents load cell count of IO types
*** Clocking Loads column represents load cell count that are clock resources (global clock buffer, MMCM, PLL, etc)
**** GT Loads column represents load cell count of GT types


+----+----+-----+
|    | X0 | X1  |
+----+----+-----+
| Y2 |  0 |   0 |
| Y1 |  0 |   0 |
| Y0 |  6 |  31 |
+----+----+-----+


14. Clock Region Cell Placement per Global Clock: Region X0Y0
-------------------------------------------------------------

+-----------+-------+-----------------+------------+-------------+-----------------+-----+--------+------+-----+----+------+-----+---------+-----------------------+
| Global Id | Track | Driver Type/Pin | Constraint | Clock Loads | Non-Clock Loads | FF  | LUTRAM | RAMB | DSP | GT | MMCM | PLL | Hard IP | Net                   |
+-----------+-------+-----------------+------------+-------------+-----------------+-----+--------+------+-----+----+------+-----+---------+-----------------------+
| g0        | n/a   | BUFG/O          | None       |          11 |               0 |   7 |      4 |    0 |   0 |  0 |    0 |   0 |       0 | clock_selector__0     |
| g1        | n/a   | BUFG/O          | None       |         149 |               0 | 149 |      0 |    0 |   0 |  0 |    0 |   0 |       0 | CLK100MHZ_IBUF_BUFG   |
| g2        | n/a   | BUFG/O          | None       |         126 |               0 | 126 |      0 |    0 |   0 |  0 |    0 |   0 |       0 | J_MIC3_Pin1_OBUF_BUFG |
| g3        | n/a   | BUFG/O          | None       |         103 |               0 | 103 |      0 |    0 |   0 |  0 |    0 |   0 |       0 | clk6p25m_BUFG         |
| g4        | n/a   | BUFG/O          | None       |           9 |               0 |   9 |      0 |    0 |   0 |  0 |    0 |   0 |       0 | juggle_speed_BUFG     |
| g5        | n/a   | BUFG/O          | None       |          15 |               0 |  15 |      0 |    0 |   0 |  0 |    0 |   0 |       0 | background_speed_BUFG |
| g6        | n/a   | BUFG/O          | None       |           6 |               0 |   6 |      0 |    0 |   0 |  0 |    0 |   0 |       0 | clk381hz_BUFG         |
+-----------+-------+-----------------+------------+-------------+-----------------+-----+--------+------+-----+----+------+-----+---------+-----------------------+
* Clock Loads column represents the clock pin loads (pin count)
** Non-Clock Loads column represents the non-clock pin loads (pin count)
*** Columns FF, LUTRAM, RAMB through 'Hard IP' represents load cell counts


15. Clock Region Cell Placement per Global Clock: Region X1Y0
-------------------------------------------------------------

+-----------+-------+-----------------+------------+-------------+-----------------+----+--------+------+-----+----+------+-----+---------+-----------------------+
| Global Id | Track | Driver Type/Pin | Constraint | Clock Loads | Non-Clock Loads | FF | LUTRAM | RAMB | DSP | GT | MMCM | PLL | Hard IP | Net                   |
+-----------+-------+-----------------+------------+-------------+-----------------+----+--------+------+-----+----+------+-----+---------+-----------------------+
| g0        | n/a   | BUFG/O          | None       |           3 |               0 |  3 |      0 |    0 |   0 |  0 |    0 |   0 |       0 | clock_selector__0     |
| g1        | n/a   | BUFG/O          | None       |          33 |               0 | 33 |      0 |    0 |   0 |  0 |    0 |   0 |       0 | CLK100MHZ_IBUF_BUFG   |
| g2        | n/a   | BUFG/O          | None       |          70 |               0 | 70 |      0 |    0 |   0 |  0 |    0 |   0 |       0 | J_MIC3_Pin1_OBUF_BUFG |
| g3        | n/a   | BUFG/O          | None       |          44 |               0 | 44 |      0 |    0 |   0 |  0 |    0 |   0 |       0 | clk6p25m_BUFG         |
| g4        | n/a   | BUFG/O          | None       |          83 |               0 | 83 |      0 |    0 |   0 |  0 |    0 |   0 |       0 | juggle_speed_BUFG     |
| g5        | n/a   | BUFG/O          | None       |          39 |               0 | 39 |      0 |    0 |   0 |  0 |    0 |   0 |       0 | background_speed_BUFG |
| g6        | n/a   | BUFG/O          | None       |          31 |               0 | 31 |      0 |    0 |   0 |  0 |    0 |   0 |       0 | clk381hz_BUFG         |
+-----------+-------+-----------------+------------+-------------+-----------------+----+--------+------+-----+----+------+-----+---------+-----------------------+
* Clock Loads column represents the clock pin loads (pin count)
** Non-Clock Loads column represents the non-clock pin loads (pin count)
*** Columns FF, LUTRAM, RAMB through 'Hard IP' represents load cell counts


16. Clock Region Cell Placement per Global Clock: Region X0Y1
-------------------------------------------------------------

+-----------+-------+-----------------+------------+-------------+-----------------+-----+--------+------+-----+----+------+-----+---------+-----------------------+
| Global Id | Track | Driver Type/Pin | Constraint | Clock Loads | Non-Clock Loads | FF  | LUTRAM | RAMB | DSP | GT | MMCM | PLL | Hard IP | Net                   |
+-----------+-------+-----------------+------------+-------------+-----------------+-----+--------+------+-----+----+------+-----+---------+-----------------------+
| g0        | n/a   | BUFG/O          | None       |         175 |               0 | 166 |      9 |    0 |   0 |  0 |    0 |   0 |       0 | clock_selector__0     |
| g1        | n/a   | BUFG/O          | None       |          29 |               0 |  29 |      0 |    0 |   0 |  0 |    0 |   0 |       0 | CLK100MHZ_IBUF_BUFG   |
| g2        | n/a   | BUFG/O          | None       |           0 |              12 |  12 |      0 |    0 |   0 |  0 |    0 |   0 |       0 | J_MIC3_Pin1_OBUF_BUFG |
| g3        | n/a   | BUFG/O          | None       |           1 |               0 |   1 |      0 |    0 |   0 |  0 |    0 |   0 |       0 | clk6p25m_BUFG         |
| g4        | n/a   | BUFG/O          | None       |           3 |               0 |   3 |      0 |    0 |   0 |  0 |    0 |   0 |       0 | juggle_speed_BUFG     |
+-----------+-------+-----------------+------------+-------------+-----------------+-----+--------+------+-----+----+------+-----+---------+-----------------------+
* Clock Loads column represents the clock pin loads (pin count)
** Non-Clock Loads column represents the non-clock pin loads (pin count)
*** Columns FF, LUTRAM, RAMB through 'Hard IP' represents load cell counts


17. Clock Region Cell Placement per Global Clock: Region X1Y1
-------------------------------------------------------------

+-----------+-------+-----------------+------------+-------------+-----------------+-----+--------+------+-----+----+------+-----+---------+-------------------+
| Global Id | Track | Driver Type/Pin | Constraint | Clock Loads | Non-Clock Loads | FF  | LUTRAM | RAMB | DSP | GT | MMCM | PLL | Hard IP | Net               |
+-----------+-------+-----------------+------------+-------------+-----------------+-----+--------+------+-----+----+------+-----+---------+-------------------+
| g0        | n/a   | BUFG/O          | None       |         227 |               0 | 227 |      0 |    0 |   0 |  0 |    0 |   0 |       0 | clock_selector__0 |
| g3        | n/a   | BUFG/O          | None       |           1 |               0 |   1 |      0 |    0 |   0 |  0 |    0 |   0 |       0 | clk6p25m_BUFG     |
| g4        | n/a   | BUFG/O          | None       |          42 |               0 |  42 |      0 |    0 |   0 |  0 |    0 |   0 |       0 | juggle_speed_BUFG |
+-----------+-------+-----------------+------------+-------------+-----------------+-----+--------+------+-----+----+------+-----+---------+-------------------+
* Clock Loads column represents the clock pin loads (pin count)
** Non-Clock Loads column represents the non-clock pin loads (pin count)
*** Columns FF, LUTRAM, RAMB through 'Hard IP' represents load cell counts


18. Clock Region Cell Placement per Global Clock: Region X0Y2
-------------------------------------------------------------

+-----------+-------+-----------------+------------+-------------+-----------------+----+--------+------+-----+----+------+-----+---------+-----------------------+
| Global Id | Track | Driver Type/Pin | Constraint | Clock Loads | Non-Clock Loads | FF | LUTRAM | RAMB | DSP | GT | MMCM | PLL | Hard IP | Net                   |
+-----------+-------+-----------------+------------+-------------+-----------------+----+--------+------+-----+----+------+-----+---------+-----------------------+
| g2        | n/a   | BUFG/O          | None       |           0 |               1 |  0 |      0 |    0 |   0 |  0 |    0 |   0 |       0 | J_MIC3_Pin1_OBUF_BUFG |
+-----------+-------+-----------------+------------+-------------+-----------------+----+--------+------+-----+----+------+-----+---------+-----------------------+
* Clock Loads column represents the clock pin loads (pin count)
** Non-Clock Loads column represents the non-clock pin loads (pin count)
*** Columns FF, LUTRAM, RAMB through 'Hard IP' represents load cell counts



# Location of BUFG Primitives 
set_property LOC BUFGCTRL_X0Y4 [get_cells juggle_speed_BUFG_inst]
set_property LOC BUFGCTRL_X0Y1 [get_cells list_reg[256]_i_2]
set_property LOC BUFGCTRL_X0Y3 [get_cells clk6p25m_BUFG_inst]
set_property LOC BUFGCTRL_X0Y6 [get_cells clk381hz_BUFG_inst]
set_property LOC BUFGCTRL_X0Y5 [get_cells background_speed_BUFG_inst]
set_property LOC BUFGCTRL_X0Y0 [get_cells J_MIC3_Pin1_OBUF_BUFG_inst]
set_property LOC BUFGCTRL_X0Y2 [get_cells CLK100MHZ_IBUF_BUFG_inst]

# Location of IO Primitives which is load of clock spine
set_property LOC IOB_X0Y138 [get_cells J_MIC3_Pin1_OBUF_inst]

# Location of clock ports
set_property LOC IOB_X1Y26 [get_ports CLK100MHZ]

# Clock net "juggle_speed_BUFG" driven by instance "juggle_speed_BUFG_inst" located at site "BUFGCTRL_X0Y4"
#startgroup
create_pblock {CLKAG_juggle_speed_BUFG}
add_cells_to_pblock [get_pblocks  {CLKAG_juggle_speed_BUFG}] [get_cells -filter { PRIMITIVE_GROUP != I/O && IS_PRIMITIVE==1 && PRIMITIVE_LEVEL !=INTERNAL } -of_object [get_pins -filter {DIRECTION==IN} -of_objects [get_nets -hierarchical -filter {PARENT=="juggle_speed_BUFG"}]]]
resize_pblock [get_pblocks {CLKAG_juggle_speed_BUFG}] -add {CLOCKREGION_X0Y0:CLOCKREGION_X0Y0 CLOCKREGION_X0Y1:CLOCKREGION_X0Y1 CLOCKREGION_X1Y0:CLOCKREGION_X1Y0 CLOCKREGION_X1Y1:CLOCKREGION_X1Y1}
#endgroup

# Clock net "clock_selector__0" driven by instance "list_reg[256]_i_2" located at site "BUFGCTRL_X0Y1"
#startgroup
create_pblock {CLKAG_clock_selector__0}
add_cells_to_pblock [get_pblocks  {CLKAG_clock_selector__0}] [get_cells -filter { PRIMITIVE_GROUP != I/O && IS_PRIMITIVE==1 && PRIMITIVE_LEVEL !=INTERNAL } -of_object [get_pins -filter {DIRECTION==IN} -of_objects [get_nets -hierarchical -filter {PARENT=="clock_selector__0"}]]]
resize_pblock [get_pblocks {CLKAG_clock_selector__0}] -add {CLOCKREGION_X0Y0:CLOCKREGION_X0Y0 CLOCKREGION_X0Y1:CLOCKREGION_X0Y1 CLOCKREGION_X1Y0:CLOCKREGION_X1Y0 CLOCKREGION_X1Y1:CLOCKREGION_X1Y1}
#endgroup

# Clock net "clk6p25m_BUFG" driven by instance "clk6p25m_BUFG_inst" located at site "BUFGCTRL_X0Y3"
#startgroup
create_pblock {CLKAG_clk6p25m_BUFG}
add_cells_to_pblock [get_pblocks  {CLKAG_clk6p25m_BUFG}] [get_cells -filter { PRIMITIVE_GROUP != I/O && IS_PRIMITIVE==1 && PRIMITIVE_LEVEL !=INTERNAL } -of_object [get_pins -filter {DIRECTION==IN} -of_objects [get_nets -hierarchical -filter {PARENT=="clk6p25m_BUFG"}]]]
resize_pblock [get_pblocks {CLKAG_clk6p25m_BUFG}] -add {CLOCKREGION_X0Y0:CLOCKREGION_X0Y0 CLOCKREGION_X0Y1:CLOCKREGION_X0Y1 CLOCKREGION_X1Y0:CLOCKREGION_X1Y0 CLOCKREGION_X1Y1:CLOCKREGION_X1Y1}
#endgroup

# Clock net "clk381hz_BUFG" driven by instance "clk381hz_BUFG_inst" located at site "BUFGCTRL_X0Y6"
#startgroup
create_pblock {CLKAG_clk381hz_BUFG}
add_cells_to_pblock [get_pblocks  {CLKAG_clk381hz_BUFG}] [get_cells -filter { PRIMITIVE_GROUP != I/O && IS_PRIMITIVE==1 && PRIMITIVE_LEVEL !=INTERNAL } -of_object [get_pins -filter {DIRECTION==IN} -of_objects [get_nets -hierarchical -filter {PARENT=="clk381hz_BUFG"}]]]
resize_pblock [get_pblocks {CLKAG_clk381hz_BUFG}] -add {CLOCKREGION_X0Y0:CLOCKREGION_X0Y0 CLOCKREGION_X1Y0:CLOCKREGION_X1Y0}
#endgroup

# Clock net "background_speed_BUFG" driven by instance "background_speed_BUFG_inst" located at site "BUFGCTRL_X0Y5"
#startgroup
create_pblock {CLKAG_background_speed_BUFG}
add_cells_to_pblock [get_pblocks  {CLKAG_background_speed_BUFG}] [get_cells -filter { PRIMITIVE_GROUP != I/O && IS_PRIMITIVE==1 && PRIMITIVE_LEVEL !=INTERNAL } -of_object [get_pins -filter {DIRECTION==IN} -of_objects [get_nets -hierarchical -filter {PARENT=="background_speed_BUFG"}]]]
resize_pblock [get_pblocks {CLKAG_background_speed_BUFG}] -add {CLOCKREGION_X0Y0:CLOCKREGION_X0Y0 CLOCKREGION_X1Y0:CLOCKREGION_X1Y0}
#endgroup

# Clock net "J_MIC3_Pin1_OBUF_BUFG" driven by instance "J_MIC3_Pin1_OBUF_BUFG_inst" located at site "BUFGCTRL_X0Y0"
#startgroup
create_pblock {CLKAG_J_MIC3_Pin1_OBUF_BUFG}
add_cells_to_pblock [get_pblocks  {CLKAG_J_MIC3_Pin1_OBUF_BUFG}] [get_cells -filter { PRIMITIVE_GROUP != I/O && IS_PRIMITIVE==1 && PRIMITIVE_LEVEL !=INTERNAL && NAME!=J_MIC3_Pin1_OBUF_inst} -of_object [get_pins -filter {DIRECTION==IN} -of_objects [get_nets -hierarchical -filter {PARENT=="J_MIC3_Pin1_OBUF_BUFG"}]]]
resize_pblock [get_pblocks {CLKAG_J_MIC3_Pin1_OBUF_BUFG}] -add {CLOCKREGION_X0Y0:CLOCKREGION_X0Y0 CLOCKREGION_X0Y1:CLOCKREGION_X0Y1 CLOCKREGION_X1Y0:CLOCKREGION_X1Y0}
#endgroup

# Clock net "CLK100MHZ_IBUF_BUFG" driven by instance "CLK100MHZ_IBUF_BUFG_inst" located at site "BUFGCTRL_X0Y2"
#startgroup
create_pblock {CLKAG_CLK100MHZ_IBUF_BUFG}
add_cells_to_pblock [get_pblocks  {CLKAG_CLK100MHZ_IBUF_BUFG}] [get_cells -filter { PRIMITIVE_GROUP != I/O && IS_PRIMITIVE==1 && PRIMITIVE_LEVEL !=INTERNAL } -of_object [get_pins -filter {DIRECTION==IN} -of_objects [get_nets -hierarchical -filter {PARENT=="CLK100MHZ_IBUF_BUFG"}]]]
resize_pblock [get_pblocks {CLKAG_CLK100MHZ_IBUF_BUFG}] -add {CLOCKREGION_X0Y0:CLOCKREGION_X0Y0 CLOCKREGION_X0Y1:CLOCKREGION_X0Y1 CLOCKREGION_X1Y0:CLOCKREGION_X1Y0}
#endgroup
