#-----------------------------------------------------------
# Vivado v2018.2 (64-bit)
# SW Build 2258646 on Thu Jun 14 20:03:12 MDT 2018
# IP Build 2256618 on Thu Jun 14 22:10:49 MDT 2018
# Start of session at: Mon Mar 22 20:02:29 2021
# Process ID: 11148
# Current directory: C:/Users/anshe/Downloads/DisplaytheSoundsV1.xpr/SoundDisplay
# Command line: vivado.exe -gui_launcher_event rodinguilauncherevent2404 C:\Users\anshe\Downloads\DisplaytheSoundsV1.xpr\SoundDisplay\SoundDisplay.xpr
# Log file: C:/Users/anshe/Downloads/DisplaytheSoundsV1.xpr/SoundDisplay/vivado.log
# Journal file: C:/Users/anshe/Downloads/DisplaytheSoundsV1.xpr/SoundDisplay\vivado.jou
#-----------------------------------------------------------
start_gui
open_project C:/Users/anshe/Downloads/DisplaytheSoundsV1.xpr/SoundDisplay/SoundDisplay.xpr
INFO: [Project 1-313] Project file moved from 'C:/Users/mayan/AppData/Roaming/Xilinx/Vivado/.Xil/Vivado-1356-DESKTOP-G8S3G7P/PrjAr/_X_' since last save.
Scanning sources...
Finished scanning sources
INFO: [IP_Flow 19-234] Refreshing IP repositories
INFO: [IP_Flow 19-1704] No user IP repositories specified
INFO: [IP_Flow 19-2313] Loaded Vivado IP repository 'C:/Xilinx/Vivado/2018.2/data/ip'.
open_project: Time (s): cpu = 00:00:10 ; elapsed = 00:00:07 . Memory (MB): peak = 855.066 ; gain = 145.383
update_compile_order -fileset sources_1
reset_run synth_1
launch_runs synth_1 -jobs 4
[Mon Mar 22 20:29:51 2021] Launched synth_1...
Run output will be captured here: C:/Users/anshe/Downloads/DisplaytheSoundsV1.xpr/SoundDisplay/SoundDisplay.runs/synth_1/runme.log
close [ open C:/Users/anshe/Downloads/DisplaytheSoundsV1.xpr/SoundDisplay/SoundDisplay.srcs/sources_1/new/Display_Menu.v w ]
add_files C:/Users/anshe/Downloads/DisplaytheSoundsV1.xpr/SoundDisplay/SoundDisplay.srcs/sources_1/new/Display_Menu.v
update_compile_order -fileset sources_1
update_compile_order -fileset sources_1
reset_run synth_1
launch_runs synth_1 -jobs 4
[Mon Mar 22 21:24:35 2021] Launched synth_1...
Run output will be captured here: C:/Users/anshe/Downloads/DisplaytheSoundsV1.xpr/SoundDisplay/SoundDisplay.runs/synth_1/runme.log
launch_runs impl_1 -jobs 4
[Mon Mar 22 21:25:57 2021] Launched impl_1...
Run output will be captured here: C:/Users/anshe/Downloads/DisplaytheSoundsV1.xpr/SoundDisplay/SoundDisplay.runs/impl_1/runme.log
launch_runs impl_1 -to_step write_bitstream -jobs 4
[Mon Mar 22 21:29:10 2021] Launched impl_1...
Run output will be captured here: C:/Users/anshe/Downloads/DisplaytheSoundsV1.xpr/SoundDisplay/SoundDisplay.runs/impl_1/runme.log
exit
INFO: [Common 17-206] Exiting Vivado at Mon Mar 22 21:37:36 2021...
