#-----------------------------------------------------------
# Vivado v2018.2 (64-bit)
# SW Build 2258646 on Thu Jun 14 20:03:12 MDT 2018
# IP Build 2256618 on Thu Jun 14 22:10:49 MDT 2018
# Start of session at: Fri Apr  2 01:01:01 2021
# Process ID: 12856
# Current directory: C:/Users/mayan/OneDrive - National University of Singapore/Desktop/SoundDisplay
# Command line: vivado.exe -gui_launcher_event rodinguilauncherevent5892 C:\Users\mayan\OneDrive - National University of Singapore\Desktop\SoundDisplay\SoundDisplay.xpr
# Log file: C:/Users/mayan/OneDrive - National University of Singapore/Desktop/SoundDisplay/vivado.log
# Journal file: C:/Users/mayan/OneDrive - National University of Singapore/Desktop/SoundDisplay\vivado.jou
#-----------------------------------------------------------
start_gui
open_project {C:/Users/mayan/OneDrive - National University of Singapore/Desktop/SoundDisplay/SoundDisplay.xpr}
Scanning sources...
Finished scanning sources
INFO: [IP_Flow 19-234] Refreshing IP repositories
INFO: [IP_Flow 19-1704] No user IP repositories specified
INFO: [IP_Flow 19-2313] Loaded Vivado IP repository 'C:/Xilinx/Vivado/2018.2/data/ip'.
open_project: Time (s): cpu = 00:00:17 ; elapsed = 00:00:09 . Memory (MB): peak = 803.703 ; gain = 85.270
update_compile_order -fileset sources_1
open_project {C:/Users/mayan/OneDrive - National University of Singapore/Desktop/SoundDisplayV1.1.xpr/SoundDisplay/SoundDisplay.xpr}
INFO: [ProjectBase 1-489] The host OS only allows 260 characters in a normal path. The project is stored in a path with more than 80 characters. If you experience issues with IP, Block Designs, or files not being found, please consider moving the project to a location with a shorter path. Alternately consider using the OS subst command to map part of the path to a drive letter.
Current project path is 'C:/Users/mayan/OneDrive - National University of Singapore/Desktop/SoundDisplayV1.1.xpr/SoundDisplay'
Scanning sources...
Finished scanning sources
INFO: [IP_Flow 19-234] Refreshing IP repositories
INFO: [IP_Flow 19-1704] No user IP repositories specified
INFO: [IP_Flow 19-2313] Loaded Vivado IP repository 'C:/Xilinx/Vivado/2018.2/data/ip'.
open_project: Time (s): cpu = 00:00:11 ; elapsed = 00:00:06 . Memory (MB): peak = 868.508 ; gain = 26.219
update_compile_order -fileset sources_1
current_project SoundDisplay
reset_run synth_1
launch_runs impl_1 -to_step write_bitstream -jobs 4
[Fri Apr  2 01:39:09 2021] Launched synth_1...
Run output will be captured here: C:/Users/mayan/OneDrive - National University of Singapore/Desktop/SoundDisplay/SoundDisplay.runs/synth_1/runme.log
[Fri Apr  2 01:39:09 2021] Launched impl_1...
Run output will be captured here: C:/Users/mayan/OneDrive - National University of Singapore/Desktop/SoundDisplay/SoundDisplay.runs/impl_1/runme.log
open_hw
connect_hw_server
INFO: [Labtools 27-2285] Connecting to hw_server url TCP:localhost:3121
INFO: [Labtools 27-2222] Launching hw_server...
INFO: [Labtools 27-2221] Launch Output:

****** Xilinx hw_server v2018.2
  **** Build date : Jun 14 2018-20:42:52
    ** Copyright 1986-2018 Xilinx, Inc. All Rights Reserved.


open_hw_target
INFO: [Labtoolstcl 44-466] Opening hw_target localhost:3121/xilinx_tcf/Digilent/210183739651A
set_property PROGRAM.FILE {C:/Users/mayan/OneDrive - National University of Singapore/Desktop/SoundDisplay/SoundDisplay.runs/impl_1/Top_Student.bit} [get_hw_devices xc7a35t_0]
current_hw_device [get_hw_devices xc7a35t_0]
refresh_hw_device -update_hw_probes false [lindex [get_hw_devices xc7a35t_0] 0]
INFO: [Labtools 27-1434] Device xc7a35t (JTAG device index = 0) is programmed with a design that has no supported debug core(s) in it.
WARNING: [Labtools 27-3361] The debug hub core was not detected.
Resolution: 
1. Make sure the clock connected to the debug hub (dbg_hub) core is a free running clock and is active.
2. Make sure the BSCAN_SWITCH_USER_MASK device property in Vivado Hardware Manager reflects the user scan chain setting in the design and refresh the device.  To determine the user scan chain setting in the design, open the implemented design and use 'get_property C_USER_SCAN_CHAIN [get_debug_cores dbg_hub]'.
For more details on setting the scan chain property, consult the Vivado Debug and Programming User Guide (UG908).
set_property PROBES.FILE {} [get_hw_devices xc7a35t_0]
set_property FULL_PROBES.FILE {} [get_hw_devices xc7a35t_0]
set_property PROGRAM.FILE {C:/Users/mayan/OneDrive - National University of Singapore/Desktop/SoundDisplay/SoundDisplay.runs/impl_1/Top_Student.bit} [get_hw_devices xc7a35t_0]
program_hw_devices [get_hw_devices xc7a35t_0]
INFO: [Labtools 27-3164] End of startup status: HIGH
refresh_hw_device [lindex [get_hw_devices xc7a35t_0] 0]
INFO: [Labtools 27-1434] Device xc7a35t (JTAG device index = 0) is programmed with a design that has no supported debug core(s) in it.
WARNING: [Labtools 27-3361] The debug hub core was not detected.
Resolution: 
1. Make sure the clock connected to the debug hub (dbg_hub) core is a free running clock and is active.
2. Make sure the BSCAN_SWITCH_USER_MASK device property in Vivado Hardware Manager reflects the user scan chain setting in the design and refresh the device.  To determine the user scan chain setting in the design, open the implemented design and use 'get_property C_USER_SCAN_CHAIN [get_debug_cores dbg_hub]'.
For more details on setting the scan chain property, consult the Vivado Debug and Programming User Guide (UG908).
current_project SoundDisplay(2)
update_compile_order -fileset sources_1
reset_run synth_1
launch_runs impl_1 -to_step write_bitstream -jobs 4
[Fri Apr  2 01:57:27 2021] Launched synth_1...
Run output will be captured here: C:/Users/mayan/OneDrive - National University of Singapore/Desktop/SoundDisplayV1.1.xpr/SoundDisplay/SoundDisplay.runs/synth_1/runme.log
[Fri Apr  2 01:57:27 2021] Launched impl_1...
Run output will be captured here: C:/Users/mayan/OneDrive - National University of Singapore/Desktop/SoundDisplayV1.1.xpr/SoundDisplay/SoundDisplay.runs/impl_1/runme.log
close_hw
open_hw
connect_hw_server
INFO: [Labtools 27-2285] Connecting to hw_server url TCP:localhost:3121
open_hw_target
INFO: [Labtoolstcl 44-466] Opening hw_target localhost:3121/xilinx_tcf/Digilent/210183739651A
set_property PROGRAM.FILE {C:/Users/mayan/OneDrive - National University of Singapore/Desktop/SoundDisplayV1.1.xpr/SoundDisplay/SoundDisplay.runs/impl_1/Top_Student.bit} [get_hw_devices xc7a35t_0]
current_hw_device [get_hw_devices xc7a35t_0]
refresh_hw_device -update_hw_probes false [lindex [get_hw_devices xc7a35t_0] 0]
INFO: [Labtools 27-1434] Device xc7a35t (JTAG device index = 0) is programmed with a design that has no supported debug core(s) in it.
WARNING: [Labtools 27-3361] The debug hub core was not detected.
Resolution: 
1. Make sure the clock connected to the debug hub (dbg_hub) core is a free running clock and is active.
2. Make sure the BSCAN_SWITCH_USER_MASK device property in Vivado Hardware Manager reflects the user scan chain setting in the design and refresh the device.  To determine the user scan chain setting in the design, open the implemented design and use 'get_property C_USER_SCAN_CHAIN [get_debug_cores dbg_hub]'.
For more details on setting the scan chain property, consult the Vivado Debug and Programming User Guide (UG908).
set_property PROBES.FILE {} [get_hw_devices xc7a35t_0]
set_property FULL_PROBES.FILE {} [get_hw_devices xc7a35t_0]
set_property PROGRAM.FILE {C:/Users/mayan/OneDrive - National University of Singapore/Desktop/SoundDisplayV1.1.xpr/SoundDisplay/SoundDisplay.runs/impl_1/Top_Student.bit} [get_hw_devices xc7a35t_0]
program_hw_devices [get_hw_devices xc7a35t_0]
INFO: [Labtools 27-3164] End of startup status: HIGH
refresh_hw_device [lindex [get_hw_devices xc7a35t_0] 0]
INFO: [Labtools 27-1434] Device xc7a35t (JTAG device index = 0) is programmed with a design that has no supported debug core(s) in it.
WARNING: [Labtools 27-3361] The debug hub core was not detected.
Resolution: 
1. Make sure the clock connected to the debug hub (dbg_hub) core is a free running clock and is active.
2. Make sure the BSCAN_SWITCH_USER_MASK device property in Vivado Hardware Manager reflects the user scan chain setting in the design and refresh the device.  To determine the user scan chain setting in the design, open the implemented design and use 'get_property C_USER_SCAN_CHAIN [get_debug_cores dbg_hub]'.
For more details on setting the scan chain property, consult the Vivado Debug and Programming User Guide (UG908).
current_project SoundDisplay
close [ open {C:/Users/mayan/OneDrive - National University of Singapore/Desktop/SoundDisplay/SoundDisplay.srcs/sources_1/new/worm_controls.v} w ]
add_files {{C:/Users/mayan/OneDrive - National University of Singapore/Desktop/SoundDisplay/SoundDisplay.srcs/sources_1/new/worm_controls.v}}
close [ open {C:/Users/mayan/OneDrive - National University of Singapore/Desktop/SoundDisplay/SoundDisplay.srcs/sources_1/new/hungry_worm.v} w ]
add_files {{C:/Users/mayan/OneDrive - National University of Singapore/Desktop/SoundDisplay/SoundDisplay.srcs/sources_1/new/hungry_worm.v}}
update_compile_order -fileset sources_1
export_ip_user_files -of_objects  [get_files {{C:/Users/mayan/OneDrive - National University of Singapore/Desktop/SoundDisplay/SoundDisplay.srcs/sources_1/new/worm_controls.v}}] -no_script -reset -force -quiet
remove_files  {{C:/Users/mayan/OneDrive - National University of Singapore/Desktop/SoundDisplay/SoundDisplay.srcs/sources_1/new/worm_controls.v}}
export_ip_user_files -of_objects  [get_files {{C:/Users/mayan/OneDrive - National University of Singapore/Desktop/SoundDisplay/SoundDisplay.srcs/sources_1/new/hungry_worm.v}}] -no_script -reset -force -quiet
remove_files  {{C:/Users/mayan/OneDrive - National University of Singapore/Desktop/SoundDisplay/SoundDisplay.srcs/sources_1/new/hungry_worm.v}}
close [ open {C:/Users/mayan/OneDrive - National University of Singapore/Desktop/SoundDisplay/SoundDisplay.srcs/sources_1/new/hungry_worm.v} w ]
add_files {{C:/Users/mayan/OneDrive - National University of Singapore/Desktop/SoundDisplay/SoundDisplay.srcs/sources_1/new/hungry_worm.v}}
update_compile_order -fileset sources_1
close [ open {C:/Users/mayan/OneDrive - National University of Singapore/Desktop/SoundDisplay/SoundDisplay.srcs/sources_1/new/worm_controls.v} w ]
add_files {{C:/Users/mayan/OneDrive - National University of Singapore/Desktop/SoundDisplay/SoundDisplay.srcs/sources_1/new/worm_controls.v}}
update_compile_order -fileset sources_1
close_hw
