#-----------------------------------------------------------
# Vivado v2018.2 (64-bit)
# SW Build 2258646 on Thu Jun 14 20:03:12 MDT 2018
# IP Build 2256618 on Thu Jun 14 22:10:49 MDT 2018
# Start of session at: Tue Mar 23 03:19:15 2021
# Process ID: 1464
# Current directory: C:/Users/mayan/OneDrive - National University of Singapore/Desktop/SoundDisplayV1.1.xpr/SoundDisplay
# Command line: vivado.exe -gui_launcher_event rodinguilauncherevent2360 C:\Users\mayan\OneDrive - National University of Singapore\Desktop\SoundDisplayV1.1.xpr\SoundDisplay\SoundDisplay.xpr
# Log file: C:/Users/mayan/OneDrive - National University of Singapore/Desktop/SoundDisplayV1.1.xpr/SoundDisplay/vivado.log
# Journal file: C:/Users/mayan/OneDrive - National University of Singapore/Desktop/SoundDisplayV1.1.xpr/SoundDisplay\vivado.jou
#-----------------------------------------------------------
start_gui
open_project {C:/Users/mayan/OneDrive - National University of Singapore/Desktop/SoundDisplayV1.1.xpr/SoundDisplay/SoundDisplay.xpr}
INFO: [ProjectBase 1-489] The host OS only allows 260 characters in a normal path. The project is stored in a path with more than 80 characters. If you experience issues with IP, Block Designs, or files not being found, please consider moving the project to a location with a shorter path. Alternately consider using the OS subst command to map part of the path to a drive letter.
Current project path is 'C:/Users/mayan/OneDrive - National University of Singapore/Desktop/SoundDisplayV1.1.xpr/SoundDisplay'
Scanning sources...
Finished scanning sources
INFO: [IP_Flow 19-234] Refreshing IP repositories
INFO: [IP_Flow 19-1704] No user IP repositories specified
INFO: [IP_Flow 19-2313] Loaded Vivado IP repository 'C:/Xilinx/Vivado/2018.2/data/ip'.
open_project: Time (s): cpu = 00:00:16 ; elapsed = 00:00:10 . Memory (MB): peak = 797.227 ; gain = 102.047
update_compile_order -fileset sources_1eexit
INFO: [Common 17-206] Exiting Vivado at Tue Mar 23 03:20:20 2021...
