#-----------------------------------------------------------
# Vivado v2018.2 (64-bit)
# SW Build 2258646 on Thu Jun 14 20:03:12 MDT 2018
# IP Build 2256618 on Thu Jun 14 22:10:49 MDT 2018
# Start of session at: Thu Apr  1 22:26:37 2021
# Process ID: 6148
# Current directory: C:/Users/mayan/OneDrive - National University of Singapore/Desktop/SoundDisplay
# Command line: vivado.exe -gui_launcher_event rodinguilauncherevent1348 C:\Users\mayan\OneDrive - National University of Singapore\Desktop\SoundDisplay\SoundDisplay.xpr
# Log file: C:/Users/mayan/OneDrive - National University of Singapore/Desktop/SoundDisplay/vivado.log
# Journal file: C:/Users/mayan/OneDrive - National University of Singapore/Desktop/SoundDisplay\vivado.jou
#-----------------------------------------------------------
start_gui
open_project {C:/Users/mayan/OneDrive - National University of Singapore/Desktop/SoundDisplay/SoundDisplay.xpr}
INFO: [Project 1-313] Project file moved from 'C:/Users/anshe/AppData/Roaming/Xilinx/Vivado/.Xil/Vivado-49772-LAPTOP-0QIF2D9G/PrjAr/_X_' since last save.
Scanning sources...
Finished scanning sources
INFO: [IP_Flow 19-234] Refreshing IP repositories
INFO: [IP_Flow 19-1704] No user IP repositories specified
INFO: [IP_Flow 19-2313] Loaded Vivado IP repository 'C:/Xilinx/Vivado/2018.2/data/ip'.
open_project: Time (s): cpu = 00:00:19 ; elapsed = 00:00:10 . Memory (MB): peak = 802.387 ; gain = 74.109
update_compile_order -fileset sources_1
exit
INFO: [Common 17-206] Exiting Vivado at Thu Apr  1 22:29:01 2021...
