
*** Running vivado
    with args -log Top_Student.vds -m64 -product Vivado -mode batch -messageDb vivado.pb -notrace -source Top_Student.tcl


****** Vivado v2018.2 (64-bit)
  **** SW Build 2258646 on Thu Jun 14 20:03:12 MDT 2018
  **** IP Build 2256618 on Thu Jun 14 22:10:49 MDT 2018
    ** Copyright 1986-2018 Xilinx, Inc. All Rights Reserved.

source Top_Student.tcl -notrace
Command: synth_design -top Top_Student -part xc7a35tcpg236-1
Starting synth_design
Attempting to get a license for feature 'Synthesis' and/or device 'xc7a35t'
INFO: [Common 17-349] Got license for feature 'Synthesis' and/or device 'xc7a35t'
INFO: Launching helper process for spawning children vivado processes
INFO: Helper process launched with PID 11872 
---------------------------------------------------------------------------------
Starting RTL Elaboration : Time (s): cpu = 00:00:03 ; elapsed = 00:00:03 . Memory (MB): peak = 357.145 ; gain = 100.387
---------------------------------------------------------------------------------
INFO: [Synth 8-6157] synthesizing module 'Top_Student' [C:/Users/mayan/OneDrive - National University of Singapore/Desktop/SoundDisplayV1.1.xpr/SoundDisplay/SoundDisplay.srcs/sources_1/new/Top_Student.v:18]
INFO: [Synth 8-6157] synthesizing module 'clk_custom' [C:/Users/mayan/OneDrive - National University of Singapore/Desktop/SoundDisplayV1.1.xpr/SoundDisplay/SoundDisplay.srcs/sources_1/new/clk_custom.v:23]
INFO: [Synth 8-6155] done synthesizing module 'clk_custom' (1#1) [C:/Users/mayan/OneDrive - National University of Singapore/Desktop/SoundDisplayV1.1.xpr/SoundDisplay/SoundDisplay.srcs/sources_1/new/clk_custom.v:23]
INFO: [Synth 8-6157] synthesizing module 'Audio_Capture' [C:/Users/mayan/OneDrive - National University of Singapore/Desktop/SoundDisplayV1.1.xpr/SoundDisplay/SoundDisplay.srcs/sources_1/new/Audio_Capture.v:25]
INFO: [Synth 8-6155] done synthesizing module 'Audio_Capture' (2#1) [C:/Users/mayan/OneDrive - National University of Singapore/Desktop/SoundDisplayV1.1.xpr/SoundDisplay/SoundDisplay.srcs/sources_1/new/Audio_Capture.v:25]
INFO: [Synth 8-6157] synthesizing module 'single_pulse_circuit' [C:/Users/mayan/OneDrive - National University of Singapore/Desktop/SoundDisplayV1.1.xpr/SoundDisplay/SoundDisplay.srcs/sources_1/new/single_pulse_circuit.v:23]
INFO: [Synth 8-6157] synthesizing module 'dff' [C:/Users/mayan/OneDrive - National University of Singapore/Desktop/SoundDisplayV1.1.xpr/SoundDisplay/SoundDisplay.srcs/sources_1/new/dff.v:23]
INFO: [Synth 8-6155] done synthesizing module 'dff' (3#1) [C:/Users/mayan/OneDrive - National University of Singapore/Desktop/SoundDisplayV1.1.xpr/SoundDisplay/SoundDisplay.srcs/sources_1/new/dff.v:23]
INFO: [Synth 8-6155] done synthesizing module 'single_pulse_circuit' (4#1) [C:/Users/mayan/OneDrive - National University of Singapore/Desktop/SoundDisplayV1.1.xpr/SoundDisplay/SoundDisplay.srcs/sources_1/new/single_pulse_circuit.v:23]
INFO: [Synth 8-6157] synthesizing module 'convert_to_coordinate' [C:/Users/mayan/OneDrive - National University of Singapore/Desktop/SoundDisplayV1.1.xpr/SoundDisplay/SoundDisplay.srcs/sources_1/new/convert_to_coordinate.v:25]
INFO: [Synth 8-6155] done synthesizing module 'convert_to_coordinate' (5#1) [C:/Users/mayan/OneDrive - National University of Singapore/Desktop/SoundDisplayV1.1.xpr/SoundDisplay/SoundDisplay.srcs/sources_1/new/convert_to_coordinate.v:25]
INFO: [Synth 8-6157] synthesizing module 'snake_signal' [C:/Users/mayan/OneDrive - National University of Singapore/Desktop/SoundDisplayV1.1.xpr/SoundDisplay/SoundDisplay.srcs/sources_1/new/snake_signal.v:23]
INFO: [Synth 8-6155] done synthesizing module 'snake_signal' (6#1) [C:/Users/mayan/OneDrive - National University of Singapore/Desktop/SoundDisplayV1.1.xpr/SoundDisplay/SoundDisplay.srcs/sources_1/new/snake_signal.v:23]
INFO: [Synth 8-6157] synthesizing module 'snake_game' [C:/Users/mayan/OneDrive - National University of Singapore/Desktop/SoundDisplayV1.1.xpr/SoundDisplay/SoundDisplay.srcs/sources_1/new/snake_game.v:23]
INFO: [Synth 8-6157] synthesizing module 'random_coor' [C:/Users/mayan/OneDrive - National University of Singapore/Desktop/SoundDisplayV1.1.xpr/SoundDisplay/SoundDisplay.srcs/sources_1/new/random_coor.v:23]
INFO: [Synth 8-4471] merging register 'listY_reg[1][6:0]' into 'listX_reg[9][6:0]' [C:/Users/mayan/OneDrive - National University of Singapore/Desktop/SoundDisplayV1.1.xpr/SoundDisplay/SoundDisplay.srcs/sources_1/new/random_coor.v:44]
INFO: [Synth 8-4471] merging register 'listY_reg[2][6:0]' into 'listX_reg[8][6:0]' [C:/Users/mayan/OneDrive - National University of Singapore/Desktop/SoundDisplayV1.1.xpr/SoundDisplay/SoundDisplay.srcs/sources_1/new/random_coor.v:44]
INFO: [Synth 8-4471] merging register 'listY_reg[4][6:0]' into 'listX_reg[4][6:0]' [C:/Users/mayan/OneDrive - National University of Singapore/Desktop/SoundDisplayV1.1.xpr/SoundDisplay/SoundDisplay.srcs/sources_1/new/random_coor.v:44]
INFO: [Synth 8-4471] merging register 'listY_reg[5][6:0]' into 'listX_reg[5][6:0]' [C:/Users/mayan/OneDrive - National University of Singapore/Desktop/SoundDisplayV1.1.xpr/SoundDisplay/SoundDisplay.srcs/sources_1/new/random_coor.v:44]
INFO: [Synth 8-4471] merging register 'listY_reg[6][6:0]' into 'listX_reg[7][6:0]' [C:/Users/mayan/OneDrive - National University of Singapore/Desktop/SoundDisplayV1.1.xpr/SoundDisplay/SoundDisplay.srcs/sources_1/new/random_coor.v:44]
INFO: [Synth 8-4471] merging register 'listY_reg[8][6:0]' into 'listX_reg[0][6:0]' [C:/Users/mayan/OneDrive - National University of Singapore/Desktop/SoundDisplayV1.1.xpr/SoundDisplay/SoundDisplay.srcs/sources_1/new/random_coor.v:44]
WARNING: [Synth 8-6014] Unused sequential element listY_reg[1] was removed.  [C:/Users/mayan/OneDrive - National University of Singapore/Desktop/SoundDisplayV1.1.xpr/SoundDisplay/SoundDisplay.srcs/sources_1/new/random_coor.v:44]
WARNING: [Synth 8-6014] Unused sequential element listY_reg[2] was removed.  [C:/Users/mayan/OneDrive - National University of Singapore/Desktop/SoundDisplayV1.1.xpr/SoundDisplay/SoundDisplay.srcs/sources_1/new/random_coor.v:44]
WARNING: [Synth 8-6014] Unused sequential element listY_reg[4] was removed.  [C:/Users/mayan/OneDrive - National University of Singapore/Desktop/SoundDisplayV1.1.xpr/SoundDisplay/SoundDisplay.srcs/sources_1/new/random_coor.v:44]
WARNING: [Synth 8-6014] Unused sequential element listY_reg[5] was removed.  [C:/Users/mayan/OneDrive - National University of Singapore/Desktop/SoundDisplayV1.1.xpr/SoundDisplay/SoundDisplay.srcs/sources_1/new/random_coor.v:44]
WARNING: [Synth 8-6014] Unused sequential element listY_reg[6] was removed.  [C:/Users/mayan/OneDrive - National University of Singapore/Desktop/SoundDisplayV1.1.xpr/SoundDisplay/SoundDisplay.srcs/sources_1/new/random_coor.v:44]
WARNING: [Synth 8-6014] Unused sequential element listY_reg[8] was removed.  [C:/Users/mayan/OneDrive - National University of Singapore/Desktop/SoundDisplayV1.1.xpr/SoundDisplay/SoundDisplay.srcs/sources_1/new/random_coor.v:44]
INFO: [Synth 8-6155] done synthesizing module 'random_coor' (7#1) [C:/Users/mayan/OneDrive - National University of Singapore/Desktop/SoundDisplayV1.1.xpr/SoundDisplay/SoundDisplay.srcs/sources_1/new/random_coor.v:23]
WARNING: [Synth 8-324] index 32 out of range [C:/Users/mayan/OneDrive - National University of Singapore/Desktop/SoundDisplayV1.1.xpr/SoundDisplay/SoundDisplay.srcs/sources_1/new/snake_game.v:87]
WARNING: [Synth 8-324] index 32 out of range [C:/Users/mayan/OneDrive - National University of Singapore/Desktop/SoundDisplayV1.1.xpr/SoundDisplay/SoundDisplay.srcs/sources_1/new/snake_game.v:87]
WARNING: [Synth 8-324] index 32 out of range [C:/Users/mayan/OneDrive - National University of Singapore/Desktop/SoundDisplayV1.1.xpr/SoundDisplay/SoundDisplay.srcs/sources_1/new/snake_game.v:87]
WARNING: [Synth 8-324] index 32 out of range [C:/Users/mayan/OneDrive - National University of Singapore/Desktop/SoundDisplayV1.1.xpr/SoundDisplay/SoundDisplay.srcs/sources_1/new/snake_game.v:87]
WARNING: [Synth 8-324] index 33 out of range [C:/Users/mayan/OneDrive - National University of Singapore/Desktop/SoundDisplayV1.1.xpr/SoundDisplay/SoundDisplay.srcs/sources_1/new/snake_game.v:87]
WARNING: [Synth 8-324] index 33 out of range [C:/Users/mayan/OneDrive - National University of Singapore/Desktop/SoundDisplayV1.1.xpr/SoundDisplay/SoundDisplay.srcs/sources_1/new/snake_game.v:87]
WARNING: [Synth 8-324] index 33 out of range [C:/Users/mayan/OneDrive - National University of Singapore/Desktop/SoundDisplayV1.1.xpr/SoundDisplay/SoundDisplay.srcs/sources_1/new/snake_game.v:87]
WARNING: [Synth 8-324] index 33 out of range [C:/Users/mayan/OneDrive - National University of Singapore/Desktop/SoundDisplayV1.1.xpr/SoundDisplay/SoundDisplay.srcs/sources_1/new/snake_game.v:87]
WARNING: [Synth 8-324] index 34 out of range [C:/Users/mayan/OneDrive - National University of Singapore/Desktop/SoundDisplayV1.1.xpr/SoundDisplay/SoundDisplay.srcs/sources_1/new/snake_game.v:87]
WARNING: [Synth 8-324] index 34 out of range [C:/Users/mayan/OneDrive - National University of Singapore/Desktop/SoundDisplayV1.1.xpr/SoundDisplay/SoundDisplay.srcs/sources_1/new/snake_game.v:87]
WARNING: [Synth 8-324] index 34 out of range [C:/Users/mayan/OneDrive - National University of Singapore/Desktop/SoundDisplayV1.1.xpr/SoundDisplay/SoundDisplay.srcs/sources_1/new/snake_game.v:87]
WARNING: [Synth 8-324] index 34 out of range [C:/Users/mayan/OneDrive - National University of Singapore/Desktop/SoundDisplayV1.1.xpr/SoundDisplay/SoundDisplay.srcs/sources_1/new/snake_game.v:87]
WARNING: [Synth 8-324] index 35 out of range [C:/Users/mayan/OneDrive - National University of Singapore/Desktop/SoundDisplayV1.1.xpr/SoundDisplay/SoundDisplay.srcs/sources_1/new/snake_game.v:87]
WARNING: [Synth 8-324] index 35 out of range [C:/Users/mayan/OneDrive - National University of Singapore/Desktop/SoundDisplayV1.1.xpr/SoundDisplay/SoundDisplay.srcs/sources_1/new/snake_game.v:87]
WARNING: [Synth 8-324] index 35 out of range [C:/Users/mayan/OneDrive - National University of Singapore/Desktop/SoundDisplayV1.1.xpr/SoundDisplay/SoundDisplay.srcs/sources_1/new/snake_game.v:87]
WARNING: [Synth 8-324] index 35 out of range [C:/Users/mayan/OneDrive - National University of Singapore/Desktop/SoundDisplayV1.1.xpr/SoundDisplay/SoundDisplay.srcs/sources_1/new/snake_game.v:87]
WARNING: [Synth 8-324] index 36 out of range [C:/Users/mayan/OneDrive - National University of Singapore/Desktop/SoundDisplayV1.1.xpr/SoundDisplay/SoundDisplay.srcs/sources_1/new/snake_game.v:87]
WARNING: [Synth 8-324] index 36 out of range [C:/Users/mayan/OneDrive - National University of Singapore/Desktop/SoundDisplayV1.1.xpr/SoundDisplay/SoundDisplay.srcs/sources_1/new/snake_game.v:87]
WARNING: [Synth 8-324] index 36 out of range [C:/Users/mayan/OneDrive - National University of Singapore/Desktop/SoundDisplayV1.1.xpr/SoundDisplay/SoundDisplay.srcs/sources_1/new/snake_game.v:87]
WARNING: [Synth 8-324] index 36 out of range [C:/Users/mayan/OneDrive - National University of Singapore/Desktop/SoundDisplayV1.1.xpr/SoundDisplay/SoundDisplay.srcs/sources_1/new/snake_game.v:87]
WARNING: [Synth 8-324] index 37 out of range [C:/Users/mayan/OneDrive - National University of Singapore/Desktop/SoundDisplayV1.1.xpr/SoundDisplay/SoundDisplay.srcs/sources_1/new/snake_game.v:87]
WARNING: [Synth 8-324] index 37 out of range [C:/Users/mayan/OneDrive - National University of Singapore/Desktop/SoundDisplayV1.1.xpr/SoundDisplay/SoundDisplay.srcs/sources_1/new/snake_game.v:87]
WARNING: [Synth 8-324] index 37 out of range [C:/Users/mayan/OneDrive - National University of Singapore/Desktop/SoundDisplayV1.1.xpr/SoundDisplay/SoundDisplay.srcs/sources_1/new/snake_game.v:87]
WARNING: [Synth 8-324] index 37 out of range [C:/Users/mayan/OneDrive - National University of Singapore/Desktop/SoundDisplayV1.1.xpr/SoundDisplay/SoundDisplay.srcs/sources_1/new/snake_game.v:87]
WARNING: [Synth 8-324] index 38 out of range [C:/Users/mayan/OneDrive - National University of Singapore/Desktop/SoundDisplayV1.1.xpr/SoundDisplay/SoundDisplay.srcs/sources_1/new/snake_game.v:87]
WARNING: [Synth 8-324] index 38 out of range [C:/Users/mayan/OneDrive - National University of Singapore/Desktop/SoundDisplayV1.1.xpr/SoundDisplay/SoundDisplay.srcs/sources_1/new/snake_game.v:87]
WARNING: [Synth 8-324] index 38 out of range [C:/Users/mayan/OneDrive - National University of Singapore/Desktop/SoundDisplayV1.1.xpr/SoundDisplay/SoundDisplay.srcs/sources_1/new/snake_game.v:87]
WARNING: [Synth 8-324] index 38 out of range [C:/Users/mayan/OneDrive - National University of Singapore/Desktop/SoundDisplayV1.1.xpr/SoundDisplay/SoundDisplay.srcs/sources_1/new/snake_game.v:87]
WARNING: [Synth 8-324] index 39 out of range [C:/Users/mayan/OneDrive - National University of Singapore/Desktop/SoundDisplayV1.1.xpr/SoundDisplay/SoundDisplay.srcs/sources_1/new/snake_game.v:87]
WARNING: [Synth 8-324] index 39 out of range [C:/Users/mayan/OneDrive - National University of Singapore/Desktop/SoundDisplayV1.1.xpr/SoundDisplay/SoundDisplay.srcs/sources_1/new/snake_game.v:87]
WARNING: [Synth 8-324] index 39 out of range [C:/Users/mayan/OneDrive - National University of Singapore/Desktop/SoundDisplayV1.1.xpr/SoundDisplay/SoundDisplay.srcs/sources_1/new/snake_game.v:87]
WARNING: [Synth 8-324] index 39 out of range [C:/Users/mayan/OneDrive - National University of Singapore/Desktop/SoundDisplayV1.1.xpr/SoundDisplay/SoundDisplay.srcs/sources_1/new/snake_game.v:87]
WARNING: [Synth 8-324] index 40 out of range [C:/Users/mayan/OneDrive - National University of Singapore/Desktop/SoundDisplayV1.1.xpr/SoundDisplay/SoundDisplay.srcs/sources_1/new/snake_game.v:87]
WARNING: [Synth 8-324] index 40 out of range [C:/Users/mayan/OneDrive - National University of Singapore/Desktop/SoundDisplayV1.1.xpr/SoundDisplay/SoundDisplay.srcs/sources_1/new/snake_game.v:87]
WARNING: [Synth 8-324] index 40 out of range [C:/Users/mayan/OneDrive - National University of Singapore/Desktop/SoundDisplayV1.1.xpr/SoundDisplay/SoundDisplay.srcs/sources_1/new/snake_game.v:87]
WARNING: [Synth 8-324] index 40 out of range [C:/Users/mayan/OneDrive - National University of Singapore/Desktop/SoundDisplayV1.1.xpr/SoundDisplay/SoundDisplay.srcs/sources_1/new/snake_game.v:87]
WARNING: [Synth 8-324] index 41 out of range [C:/Users/mayan/OneDrive - National University of Singapore/Desktop/SoundDisplayV1.1.xpr/SoundDisplay/SoundDisplay.srcs/sources_1/new/snake_game.v:87]
WARNING: [Synth 8-324] index 41 out of range [C:/Users/mayan/OneDrive - National University of Singapore/Desktop/SoundDisplayV1.1.xpr/SoundDisplay/SoundDisplay.srcs/sources_1/new/snake_game.v:87]
WARNING: [Synth 8-324] index 41 out of range [C:/Users/mayan/OneDrive - National University of Singapore/Desktop/SoundDisplayV1.1.xpr/SoundDisplay/SoundDisplay.srcs/sources_1/new/snake_game.v:87]
WARNING: [Synth 8-324] index 41 out of range [C:/Users/mayan/OneDrive - National University of Singapore/Desktop/SoundDisplayV1.1.xpr/SoundDisplay/SoundDisplay.srcs/sources_1/new/snake_game.v:87]
WARNING: [Synth 8-324] index 42 out of range [C:/Users/mayan/OneDrive - National University of Singapore/Desktop/SoundDisplayV1.1.xpr/SoundDisplay/SoundDisplay.srcs/sources_1/new/snake_game.v:87]
WARNING: [Synth 8-324] index 42 out of range [C:/Users/mayan/OneDrive - National University of Singapore/Desktop/SoundDisplayV1.1.xpr/SoundDisplay/SoundDisplay.srcs/sources_1/new/snake_game.v:87]
WARNING: [Synth 8-324] index 42 out of range [C:/Users/mayan/OneDrive - National University of Singapore/Desktop/SoundDisplayV1.1.xpr/SoundDisplay/SoundDisplay.srcs/sources_1/new/snake_game.v:87]
WARNING: [Synth 8-324] index 42 out of range [C:/Users/mayan/OneDrive - National University of Singapore/Desktop/SoundDisplayV1.1.xpr/SoundDisplay/SoundDisplay.srcs/sources_1/new/snake_game.v:87]
WARNING: [Synth 8-324] index 43 out of range [C:/Users/mayan/OneDrive - National University of Singapore/Desktop/SoundDisplayV1.1.xpr/SoundDisplay/SoundDisplay.srcs/sources_1/new/snake_game.v:87]
WARNING: [Synth 8-324] index 43 out of range [C:/Users/mayan/OneDrive - National University of Singapore/Desktop/SoundDisplayV1.1.xpr/SoundDisplay/SoundDisplay.srcs/sources_1/new/snake_game.v:87]
WARNING: [Synth 8-324] index 43 out of range [C:/Users/mayan/OneDrive - National University of Singapore/Desktop/SoundDisplayV1.1.xpr/SoundDisplay/SoundDisplay.srcs/sources_1/new/snake_game.v:87]
WARNING: [Synth 8-324] index 43 out of range [C:/Users/mayan/OneDrive - National University of Singapore/Desktop/SoundDisplayV1.1.xpr/SoundDisplay/SoundDisplay.srcs/sources_1/new/snake_game.v:87]
WARNING: [Synth 8-324] index 44 out of range [C:/Users/mayan/OneDrive - National University of Singapore/Desktop/SoundDisplayV1.1.xpr/SoundDisplay/SoundDisplay.srcs/sources_1/new/snake_game.v:87]
WARNING: [Synth 8-324] index 44 out of range [C:/Users/mayan/OneDrive - National University of Singapore/Desktop/SoundDisplayV1.1.xpr/SoundDisplay/SoundDisplay.srcs/sources_1/new/snake_game.v:87]
WARNING: [Synth 8-324] index 44 out of range [C:/Users/mayan/OneDrive - National University of Singapore/Desktop/SoundDisplayV1.1.xpr/SoundDisplay/SoundDisplay.srcs/sources_1/new/snake_game.v:87]
WARNING: [Synth 8-324] index 44 out of range [C:/Users/mayan/OneDrive - National University of Singapore/Desktop/SoundDisplayV1.1.xpr/SoundDisplay/SoundDisplay.srcs/sources_1/new/snake_game.v:87]
WARNING: [Synth 8-324] index 45 out of range [C:/Users/mayan/OneDrive - National University of Singapore/Desktop/SoundDisplayV1.1.xpr/SoundDisplay/SoundDisplay.srcs/sources_1/new/snake_game.v:87]
WARNING: [Synth 8-324] index 45 out of range [C:/Users/mayan/OneDrive - National University of Singapore/Desktop/SoundDisplayV1.1.xpr/SoundDisplay/SoundDisplay.srcs/sources_1/new/snake_game.v:87]
WARNING: [Synth 8-324] index 45 out of range [C:/Users/mayan/OneDrive - National University of Singapore/Desktop/SoundDisplayV1.1.xpr/SoundDisplay/SoundDisplay.srcs/sources_1/new/snake_game.v:87]
WARNING: [Synth 8-324] index 45 out of range [C:/Users/mayan/OneDrive - National University of Singapore/Desktop/SoundDisplayV1.1.xpr/SoundDisplay/SoundDisplay.srcs/sources_1/new/snake_game.v:87]
WARNING: [Synth 8-324] index 46 out of range [C:/Users/mayan/OneDrive - National University of Singapore/Desktop/SoundDisplayV1.1.xpr/SoundDisplay/SoundDisplay.srcs/sources_1/new/snake_game.v:87]
WARNING: [Synth 8-324] index 46 out of range [C:/Users/mayan/OneDrive - National University of Singapore/Desktop/SoundDisplayV1.1.xpr/SoundDisplay/SoundDisplay.srcs/sources_1/new/snake_game.v:87]
WARNING: [Synth 8-324] index 46 out of range [C:/Users/mayan/OneDrive - National University of Singapore/Desktop/SoundDisplayV1.1.xpr/SoundDisplay/SoundDisplay.srcs/sources_1/new/snake_game.v:87]
WARNING: [Synth 8-324] index 46 out of range [C:/Users/mayan/OneDrive - National University of Singapore/Desktop/SoundDisplayV1.1.xpr/SoundDisplay/SoundDisplay.srcs/sources_1/new/snake_game.v:87]
WARNING: [Synth 8-324] index 47 out of range [C:/Users/mayan/OneDrive - National University of Singapore/Desktop/SoundDisplayV1.1.xpr/SoundDisplay/SoundDisplay.srcs/sources_1/new/snake_game.v:87]
WARNING: [Synth 8-324] index 47 out of range [C:/Users/mayan/OneDrive - National University of Singapore/Desktop/SoundDisplayV1.1.xpr/SoundDisplay/SoundDisplay.srcs/sources_1/new/snake_game.v:87]
WARNING: [Synth 8-324] index 47 out of range [C:/Users/mayan/OneDrive - National University of Singapore/Desktop/SoundDisplayV1.1.xpr/SoundDisplay/SoundDisplay.srcs/sources_1/new/snake_game.v:87]
WARNING: [Synth 8-324] index 47 out of range [C:/Users/mayan/OneDrive - National University of Singapore/Desktop/SoundDisplayV1.1.xpr/SoundDisplay/SoundDisplay.srcs/sources_1/new/snake_game.v:87]
WARNING: [Synth 8-324] index 48 out of range [C:/Users/mayan/OneDrive - National University of Singapore/Desktop/SoundDisplayV1.1.xpr/SoundDisplay/SoundDisplay.srcs/sources_1/new/snake_game.v:87]
WARNING: [Synth 8-324] index 48 out of range [C:/Users/mayan/OneDrive - National University of Singapore/Desktop/SoundDisplayV1.1.xpr/SoundDisplay/SoundDisplay.srcs/sources_1/new/snake_game.v:87]
WARNING: [Synth 8-324] index 48 out of range [C:/Users/mayan/OneDrive - National University of Singapore/Desktop/SoundDisplayV1.1.xpr/SoundDisplay/SoundDisplay.srcs/sources_1/new/snake_game.v:87]
WARNING: [Synth 8-324] index 48 out of range [C:/Users/mayan/OneDrive - National University of Singapore/Desktop/SoundDisplayV1.1.xpr/SoundDisplay/SoundDisplay.srcs/sources_1/new/snake_game.v:87]
WARNING: [Synth 8-324] index 49 out of range [C:/Users/mayan/OneDrive - National University of Singapore/Desktop/SoundDisplayV1.1.xpr/SoundDisplay/SoundDisplay.srcs/sources_1/new/snake_game.v:87]
WARNING: [Synth 8-324] index 49 out of range [C:/Users/mayan/OneDrive - National University of Singapore/Desktop/SoundDisplayV1.1.xpr/SoundDisplay/SoundDisplay.srcs/sources_1/new/snake_game.v:87]
WARNING: [Synth 8-324] index 49 out of range [C:/Users/mayan/OneDrive - National University of Singapore/Desktop/SoundDisplayV1.1.xpr/SoundDisplay/SoundDisplay.srcs/sources_1/new/snake_game.v:87]
WARNING: [Synth 8-324] index 49 out of range [C:/Users/mayan/OneDrive - National University of Singapore/Desktop/SoundDisplayV1.1.xpr/SoundDisplay/SoundDisplay.srcs/sources_1/new/snake_game.v:87]
WARNING: [Synth 8-324] index 50 out of range [C:/Users/mayan/OneDrive - National University of Singapore/Desktop/SoundDisplayV1.1.xpr/SoundDisplay/SoundDisplay.srcs/sources_1/new/snake_game.v:87]
WARNING: [Synth 8-324] index 50 out of range [C:/Users/mayan/OneDrive - National University of Singapore/Desktop/SoundDisplayV1.1.xpr/SoundDisplay/SoundDisplay.srcs/sources_1/new/snake_game.v:87]
WARNING: [Synth 8-324] index 50 out of range [C:/Users/mayan/OneDrive - National University of Singapore/Desktop/SoundDisplayV1.1.xpr/SoundDisplay/SoundDisplay.srcs/sources_1/new/snake_game.v:87]
WARNING: [Synth 8-324] index 50 out of range [C:/Users/mayan/OneDrive - National University of Singapore/Desktop/SoundDisplayV1.1.xpr/SoundDisplay/SoundDisplay.srcs/sources_1/new/snake_game.v:87]
WARNING: [Synth 8-324] index 51 out of range [C:/Users/mayan/OneDrive - National University of Singapore/Desktop/SoundDisplayV1.1.xpr/SoundDisplay/SoundDisplay.srcs/sources_1/new/snake_game.v:87]
WARNING: [Synth 8-324] index 51 out of range [C:/Users/mayan/OneDrive - National University of Singapore/Desktop/SoundDisplayV1.1.xpr/SoundDisplay/SoundDisplay.srcs/sources_1/new/snake_game.v:87]
WARNING: [Synth 8-324] index 51 out of range [C:/Users/mayan/OneDrive - National University of Singapore/Desktop/SoundDisplayV1.1.xpr/SoundDisplay/SoundDisplay.srcs/sources_1/new/snake_game.v:87]
WARNING: [Synth 8-324] index 51 out of range [C:/Users/mayan/OneDrive - National University of Singapore/Desktop/SoundDisplayV1.1.xpr/SoundDisplay/SoundDisplay.srcs/sources_1/new/snake_game.v:87]
WARNING: [Synth 8-324] index 52 out of range [C:/Users/mayan/OneDrive - National University of Singapore/Desktop/SoundDisplayV1.1.xpr/SoundDisplay/SoundDisplay.srcs/sources_1/new/snake_game.v:87]
WARNING: [Synth 8-324] index 52 out of range [C:/Users/mayan/OneDrive - National University of Singapore/Desktop/SoundDisplayV1.1.xpr/SoundDisplay/SoundDisplay.srcs/sources_1/new/snake_game.v:87]
WARNING: [Synth 8-324] index 52 out of range [C:/Users/mayan/OneDrive - National University of Singapore/Desktop/SoundDisplayV1.1.xpr/SoundDisplay/SoundDisplay.srcs/sources_1/new/snake_game.v:87]
WARNING: [Synth 8-324] index 52 out of range [C:/Users/mayan/OneDrive - National University of Singapore/Desktop/SoundDisplayV1.1.xpr/SoundDisplay/SoundDisplay.srcs/sources_1/new/snake_game.v:87]
WARNING: [Synth 8-324] index 53 out of range [C:/Users/mayan/OneDrive - National University of Singapore/Desktop/SoundDisplayV1.1.xpr/SoundDisplay/SoundDisplay.srcs/sources_1/new/snake_game.v:87]
WARNING: [Synth 8-324] index 53 out of range [C:/Users/mayan/OneDrive - National University of Singapore/Desktop/SoundDisplayV1.1.xpr/SoundDisplay/SoundDisplay.srcs/sources_1/new/snake_game.v:87]
WARNING: [Synth 8-324] index 53 out of range [C:/Users/mayan/OneDrive - National University of Singapore/Desktop/SoundDisplayV1.1.xpr/SoundDisplay/SoundDisplay.srcs/sources_1/new/snake_game.v:87]
WARNING: [Synth 8-324] index 53 out of range [C:/Users/mayan/OneDrive - National University of Singapore/Desktop/SoundDisplayV1.1.xpr/SoundDisplay/SoundDisplay.srcs/sources_1/new/snake_game.v:87]
WARNING: [Synth 8-324] index 54 out of range [C:/Users/mayan/OneDrive - National University of Singapore/Desktop/SoundDisplayV1.1.xpr/SoundDisplay/SoundDisplay.srcs/sources_1/new/snake_game.v:87]
WARNING: [Synth 8-324] index 54 out of range [C:/Users/mayan/OneDrive - National University of Singapore/Desktop/SoundDisplayV1.1.xpr/SoundDisplay/SoundDisplay.srcs/sources_1/new/snake_game.v:87]
WARNING: [Synth 8-324] index 54 out of range [C:/Users/mayan/OneDrive - National University of Singapore/Desktop/SoundDisplayV1.1.xpr/SoundDisplay/SoundDisplay.srcs/sources_1/new/snake_game.v:87]
WARNING: [Synth 8-324] index 54 out of range [C:/Users/mayan/OneDrive - National University of Singapore/Desktop/SoundDisplayV1.1.xpr/SoundDisplay/SoundDisplay.srcs/sources_1/new/snake_game.v:87]
WARNING: [Synth 8-324] index 55 out of range [C:/Users/mayan/OneDrive - National University of Singapore/Desktop/SoundDisplayV1.1.xpr/SoundDisplay/SoundDisplay.srcs/sources_1/new/snake_game.v:87]
WARNING: [Synth 8-324] index 55 out of range [C:/Users/mayan/OneDrive - National University of Singapore/Desktop/SoundDisplayV1.1.xpr/SoundDisplay/SoundDisplay.srcs/sources_1/new/snake_game.v:87]
WARNING: [Synth 8-324] index 55 out of range [C:/Users/mayan/OneDrive - National University of Singapore/Desktop/SoundDisplayV1.1.xpr/SoundDisplay/SoundDisplay.srcs/sources_1/new/snake_game.v:87]
WARNING: [Synth 8-324] index 55 out of range [C:/Users/mayan/OneDrive - National University of Singapore/Desktop/SoundDisplayV1.1.xpr/SoundDisplay/SoundDisplay.srcs/sources_1/new/snake_game.v:87]
WARNING: [Synth 8-324] index 56 out of range [C:/Users/mayan/OneDrive - National University of Singapore/Desktop/SoundDisplayV1.1.xpr/SoundDisplay/SoundDisplay.srcs/sources_1/new/snake_game.v:87]
WARNING: [Synth 8-324] index 56 out of range [C:/Users/mayan/OneDrive - National University of Singapore/Desktop/SoundDisplayV1.1.xpr/SoundDisplay/SoundDisplay.srcs/sources_1/new/snake_game.v:87]
WARNING: [Synth 8-324] index 56 out of range [C:/Users/mayan/OneDrive - National University of Singapore/Desktop/SoundDisplayV1.1.xpr/SoundDisplay/SoundDisplay.srcs/sources_1/new/snake_game.v:87]
WARNING: [Synth 8-324] index 56 out of range [C:/Users/mayan/OneDrive - National University of Singapore/Desktop/SoundDisplayV1.1.xpr/SoundDisplay/SoundDisplay.srcs/sources_1/new/snake_game.v:87]
INFO: [Common 17-14] Message 'Synth 8-324' appears 100 times and further instances of the messages will be disabled. Use the Tcl command set_msg_config to change the current settings.
WARNING: [Synth 8-6014] Unused sequential element found_reg was removed.  [C:/Users/mayan/OneDrive - National University of Singapore/Desktop/SoundDisplayV1.1.xpr/SoundDisplay/SoundDisplay.srcs/sources_1/new/snake_game.v:83]
INFO: [Synth 8-6155] done synthesizing module 'snake_game' (8#1) [C:/Users/mayan/OneDrive - National University of Singapore/Desktop/SoundDisplayV1.1.xpr/SoundDisplay/SoundDisplay.srcs/sources_1/new/snake_game.v:23]
INFO: [Synth 8-6157] synthesizing module 'Oled_Display' [C:/Users/mayan/OneDrive - National University of Singapore/Desktop/SoundDisplayV1.1.xpr/SoundDisplay/SoundDisplay.srcs/sources_1/new/Oled_Display.v:36]
	Parameter Width bound to: 96 - type: integer 
	Parameter Height bound to: 64 - type: integer 
	Parameter PixelCount bound to: 6144 - type: integer 
	Parameter PixelCountWidth bound to: 13 - type: integer 
	Parameter ClkFreq bound to: 6250000 - type: integer 
	Parameter FrameFreq bound to: 60 - type: integer 
	Parameter FrameDiv bound to: 104166 - type: integer 
	Parameter FrameDivWidth bound to: 17 - type: integer 
	Parameter PowerDelay bound to: 20 - type: integer 
	Parameter ResetDelay bound to: 3 - type: integer 
	Parameter VccEnDelay bound to: 20 - type: integer 
	Parameter StartupCompleteDelay bound to: 100 - type: integer 
	Parameter MaxDelay bound to: 100 - type: integer 
	Parameter MaxDelayCount bound to: 625000 - type: integer 
	Parameter StateCount bound to: 32 - type: integer 
	Parameter StateWidth bound to: 5 - type: integer 
	Parameter PowerUp bound to: 5'b00000 
	Parameter Reset bound to: 5'b00001 
	Parameter ReleaseReset bound to: 5'b00011 
	Parameter EnableDriver bound to: 5'b00010 
	Parameter DisplayOff bound to: 5'b00110 
	Parameter SetRemapDisplayFormat bound to: 5'b00111 
	Parameter SetStartLine bound to: 5'b00101 
	Parameter SetOffset bound to: 5'b00100 
	Parameter SetNormalDisplay bound to: 5'b01100 
	Parameter SetMultiplexRatio bound to: 5'b01101 
	Parameter SetMasterConfiguration bound to: 5'b01111 
	Parameter DisablePowerSave bound to: 5'b01110 
	Parameter SetPhaseAdjust bound to: 5'b01010 
	Parameter SetDisplayClock bound to: 5'b01011 
	Parameter SetSecondPrechargeA bound to: 5'b01001 
	Parameter SetSecondPrechargeB bound to: 5'b01000 
	Parameter SetSecondPrechargeC bound to: 5'b11000 
	Parameter SetPrechargeLevel bound to: 5'b11001 
	Parameter SetVCOMH bound to: 5'b11011 
	Parameter SetMasterCurrent bound to: 5'b11010 
	Parameter SetContrastA bound to: 5'b11110 
	Parameter SetContrastB bound to: 5'b11111 
	Parameter SetContrastC bound to: 5'b11101 
	Parameter DisableScrolling bound to: 5'b11100 
	Parameter ClearScreen bound to: 5'b10100 
	Parameter VccEn bound to: 5'b10101 
	Parameter DisplayOn bound to: 5'b10111 
	Parameter PrepareNextFrame bound to: 5'b10110 
	Parameter SetColAddress bound to: 5'b10010 
	Parameter SetRowAddress bound to: 5'b10011 
	Parameter WaitNextFrame bound to: 5'b10001 
	Parameter SendPixel bound to: 5'b10000 
	Parameter SpiCommandMaxWidth bound to: 40 - type: integer 
	Parameter SpiCommandBitCountWidth bound to: 6 - type: integer 
INFO: [Synth 8-226] default block is never used [C:/Users/mayan/OneDrive - National University of Singapore/Desktop/SoundDisplayV1.1.xpr/SoundDisplay/SoundDisplay.srcs/sources_1/new/Oled_Display.v:124]
INFO: [Synth 8-226] default block is never used [C:/Users/mayan/OneDrive - National University of Singapore/Desktop/SoundDisplayV1.1.xpr/SoundDisplay/SoundDisplay.srcs/sources_1/new/Oled_Display.v:201]
WARNING: [Synth 8-693] zero replication count - replication ignored [C:/Users/mayan/OneDrive - National University of Singapore/Desktop/SoundDisplayV1.1.xpr/SoundDisplay/SoundDisplay.srcs/sources_1/new/Oled_Display.v:349]
INFO: [Synth 8-6155] done synthesizing module 'Oled_Display' (9#1) [C:/Users/mayan/OneDrive - National University of Singapore/Desktop/SoundDisplayV1.1.xpr/SoundDisplay/SoundDisplay.srcs/sources_1/new/Oled_Display.v:36]
WARNING: [Synth 8-689] width (1) of port connection 'teststate' does not match port width (5) of module 'Oled_Display' [C:/Users/mayan/OneDrive - National University of Singapore/Desktop/SoundDisplayV1.1.xpr/SoundDisplay/SoundDisplay.srcs/sources_1/new/Top_Student.v:87]
WARNING: [Synth 8-3848] Net volume in module/entity Top_Student does not have driver. [C:/Users/mayan/OneDrive - National University of Singapore/Desktop/SoundDisplayV1.1.xpr/SoundDisplay/SoundDisplay.srcs/sources_1/new/Top_Student.v:54]
WARNING: [Synth 8-3848] Net seg in module/entity Top_Student does not have driver. [C:/Users/mayan/OneDrive - National University of Singapore/Desktop/SoundDisplayV1.1.xpr/SoundDisplay/SoundDisplay.srcs/sources_1/new/Top_Student.v:31]
INFO: [Synth 8-6155] done synthesizing module 'Top_Student' (10#1) [C:/Users/mayan/OneDrive - National University of Singapore/Desktop/SoundDisplayV1.1.xpr/SoundDisplay/SoundDisplay.srcs/sources_1/new/Top_Student.v:18]
WARNING: [Synth 8-3331] design Top_Student has unconnected port led[15]
WARNING: [Synth 8-3331] design Top_Student has unconnected port led[14]
WARNING: [Synth 8-3331] design Top_Student has unconnected port led[13]
WARNING: [Synth 8-3331] design Top_Student has unconnected port led[12]
WARNING: [Synth 8-3331] design Top_Student has unconnected port led[11]
WARNING: [Synth 8-3331] design Top_Student has unconnected port led[10]
WARNING: [Synth 8-3331] design Top_Student has unconnected port led[9]
WARNING: [Synth 8-3331] design Top_Student has unconnected port led[8]
WARNING: [Synth 8-3331] design Top_Student has unconnected port led[7]
WARNING: [Synth 8-3331] design Top_Student has unconnected port led[6]
WARNING: [Synth 8-3331] design Top_Student has unconnected port led[5]
WARNING: [Synth 8-3331] design Top_Student has unconnected port led[4]
WARNING: [Synth 8-3331] design Top_Student has unconnected port led[3]
WARNING: [Synth 8-3331] design Top_Student has unconnected port led[2]
WARNING: [Synth 8-3331] design Top_Student has unconnected port led[1]
WARNING: [Synth 8-3331] design Top_Student has unconnected port led[0]
WARNING: [Synth 8-3331] design Top_Student has unconnected port seg[7]
WARNING: [Synth 8-3331] design Top_Student has unconnected port seg[6]
WARNING: [Synth 8-3331] design Top_Student has unconnected port seg[5]
WARNING: [Synth 8-3331] design Top_Student has unconnected port seg[4]
WARNING: [Synth 8-3331] design Top_Student has unconnected port seg[3]
WARNING: [Synth 8-3331] design Top_Student has unconnected port seg[2]
WARNING: [Synth 8-3331] design Top_Student has unconnected port seg[1]
WARNING: [Synth 8-3331] design Top_Student has unconnected port seg[0]
WARNING: [Synth 8-3331] design Top_Student has unconnected port JC[2]
WARNING: [Synth 8-3331] design Top_Student has unconnected port btnD
WARNING: [Synth 8-3331] design Top_Student has unconnected port sw[15]
WARNING: [Synth 8-3331] design Top_Student has unconnected port sw[14]
WARNING: [Synth 8-3331] design Top_Student has unconnected port sw[13]
WARNING: [Synth 8-3331] design Top_Student has unconnected port sw[12]
WARNING: [Synth 8-3331] design Top_Student has unconnected port sw[11]
WARNING: [Synth 8-3331] design Top_Student has unconnected port sw[10]
WARNING: [Synth 8-3331] design Top_Student has unconnected port sw[9]
WARNING: [Synth 8-3331] design Top_Student has unconnected port sw[8]
WARNING: [Synth 8-3331] design Top_Student has unconnected port sw[7]
WARNING: [Synth 8-3331] design Top_Student has unconnected port sw[6]
WARNING: [Synth 8-3331] design Top_Student has unconnected port sw[5]
WARNING: [Synth 8-3331] design Top_Student has unconnected port sw[4]
WARNING: [Synth 8-3331] design Top_Student has unconnected port sw[3]
WARNING: [Synth 8-3331] design Top_Student has unconnected port sw[2]
WARNING: [Synth 8-3331] design Top_Student has unconnected port sw[1]
WARNING: [Synth 8-3331] design Top_Student has unconnected port sw[0]
---------------------------------------------------------------------------------
Finished RTL Elaboration : Time (s): cpu = 00:00:07 ; elapsed = 00:00:08 . Memory (MB): peak = 422.047 ; gain = 165.289
---------------------------------------------------------------------------------

Report Check Netlist: 
+------+------------------+-------+---------+-------+------------------+
|      |Item              |Errors |Warnings |Status |Description       |
+------+------------------+-------+---------+-------+------------------+
|1     |multi_driven_nets |      0|        0|Passed |Multi driven nets |
+------+------------------+-------+---------+-------+------------------+
---------------------------------------------------------------------------------
Start Handling Custom Attributes
---------------------------------------------------------------------------------
---------------------------------------------------------------------------------
Finished Handling Custom Attributes : Time (s): cpu = 00:00:07 ; elapsed = 00:00:08 . Memory (MB): peak = 422.047 ; gain = 165.289
---------------------------------------------------------------------------------
---------------------------------------------------------------------------------
Finished RTL Optimization Phase 1 : Time (s): cpu = 00:00:07 ; elapsed = 00:00:08 . Memory (MB): peak = 422.047 ; gain = 165.289
---------------------------------------------------------------------------------
INFO: [Device 21-403] Loading part xc7a35tcpg236-1
INFO: [Project 1-570] Preparing netlist for logic optimization

Processing XDC Constraints
Initializing timing engine
Parsing XDC File [C:/Users/mayan/OneDrive - National University of Singapore/Desktop/SoundDisplayV1.1.xpr/SoundDisplay/SoundDisplay.srcs/constrs_1/new/Basys3_Master.xdc]
Finished Parsing XDC File [C:/Users/mayan/OneDrive - National University of Singapore/Desktop/SoundDisplayV1.1.xpr/SoundDisplay/SoundDisplay.srcs/constrs_1/new/Basys3_Master.xdc]
INFO: [Project 1-236] Implementation specific constraints were found while reading constraint file [C:/Users/mayan/OneDrive - National University of Singapore/Desktop/SoundDisplayV1.1.xpr/SoundDisplay/SoundDisplay.srcs/constrs_1/new/Basys3_Master.xdc]. These constraints will be ignored for synthesis but will be used in implementation. Impacted constraints are listed in the file [.Xil/Top_Student_propImpl.xdc].
Resolution: To avoid this warning, move constraints listed in [.Xil/Top_Student_propImpl.xdc] to another XDC file and exclude this new file from synthesis with the used_in_synthesis property (File Properties dialog in GUI) and re-run elaboration/synthesis.
Completed Processing XDC Constraints

INFO: [Project 1-111] Unisim Transformation Summary:
No Unisim elements were transformed.

Constraint Validation Runtime : Time (s): cpu = 00:00:00 ; elapsed = 00:00:00.007 . Memory (MB): peak = 763.559 ; gain = 0.000
---------------------------------------------------------------------------------
Finished Constraint Validation : Time (s): cpu = 00:00:20 ; elapsed = 00:00:23 . Memory (MB): peak = 763.559 ; gain = 506.801
---------------------------------------------------------------------------------
---------------------------------------------------------------------------------
Start Loading Part and Timing Information
---------------------------------------------------------------------------------
Loading part: xc7a35tcpg236-1
---------------------------------------------------------------------------------
Finished Loading Part and Timing Information : Time (s): cpu = 00:00:20 ; elapsed = 00:00:23 . Memory (MB): peak = 763.559 ; gain = 506.801
---------------------------------------------------------------------------------
---------------------------------------------------------------------------------
Start Applying 'set_property' XDC Constraints
---------------------------------------------------------------------------------
---------------------------------------------------------------------------------
Finished applying 'set_property' XDC Constraints : Time (s): cpu = 00:00:20 ; elapsed = 00:00:23 . Memory (MB): peak = 763.559 ; gain = 506.801
---------------------------------------------------------------------------------
INFO: [Synth 8-802] inferred FSM for state register 'state_reg' in module 'Oled_Display'
INFO: [Synth 8-5546] ROM "fsm_next_state0" won't be mapped to RAM because it is too sparse
INFO: [Synth 8-5544] ROM "fsm_next_state0" won't be mapped to Block RAM because address size (1) smaller than threshold (5)
INFO: [Synth 8-5546] ROM "fsm_next_state0" won't be mapped to RAM because it is too sparse
---------------------------------------------------------------------------------------------------
                   State |                     New Encoding |                Previous Encoding 
---------------------------------------------------------------------------------------------------
                 PowerUp | 00000000100000000000000000000000 |                            00000
                   Reset | 00000000000100000000000000000000 |                            00001
            ReleaseReset | 00000000000000000000100000000000 |                            00011
            EnableDriver | 00000000000000000001000000000000 |                            00010
              DisplayOff | 00000000000000000100000000000000 |                            00110
   SetRemapDisplayFormat | 00000100000000000000000000000000 |                            00111
            SetStartLine | 00001000000000000000000000000000 |                            00101
               SetOffset | 10000000000000000000000000000000 |                            00100
        SetNormalDisplay | 00000000000000000000000010000000 |                            01100
       SetMultiplexRatio | 00000000000000000000000000100000 |                            01101
  SetMasterConfiguration | 00000000000000000000000001000000 |                            01111
        DisablePowerSave | 00000000000000000000000000000100 |                            01110
          SetPhaseAdjust | 00000000000000000000000000001000 |                            01010
         SetDisplayClock | 00000000001000000000000000000000 |                            01011
     SetSecondPrechargeA | 00000000010000000000000000000000 |                            01001
     SetSecondPrechargeB | 01000000000000000000000000000000 |                            01000
     SetSecondPrechargeC | 00000010000000000000000000000000 |                            11000
       SetPrechargeLevel | 00000001000000000000000000000000 |                            11001
                SetVCOMH | 00000000000000010000000000000000 |                            11011
        SetMasterCurrent | 00000000000000100000000000000000 |                            11010
            SetContrastA | 00000000000001000000000000000000 |                            11110
            SetContrastB | 00100000000000000000000000000000 |                            11111
            SetContrastC | 00000000000000000000000000000001 |                            11101
        DisableScrolling | 00000000000000000000000000000010 |                            11100
             ClearScreen | 00000000000000000000000000010000 |                            10100
                   VccEn | 00010000000000000000000000000000 |                            10101
               DisplayOn | 00000000000010000000000000000000 |                            10111
        PrepareNextFrame | 00000000000000001000000000000000 |                            10110
           SetColAddress | 00000000000000000000010000000000 |                            10010
           SetRowAddress | 00000000000000000000000100000000 |                            10011
           WaitNextFrame | 00000000000000000000001000000000 |                            10001
               SendPixel | 00000000000000000010000000000000 |                            10000
---------------------------------------------------------------------------------------------------
INFO: [Synth 8-3354] encoded FSM with state register 'state_reg' using encoding 'one-hot' in module 'Oled_Display'
---------------------------------------------------------------------------------
Finished RTL Optimization Phase 2 : Time (s): cpu = 00:00:23 ; elapsed = 00:00:26 . Memory (MB): peak = 763.559 ; gain = 506.801
---------------------------------------------------------------------------------

Report RTL Partitions: 
+-+--------------+------------+----------+
| |RTL Partition |Replication |Instances |
+-+--------------+------------+----------+
+-+--------------+------------+----------+
---------------------------------------------------------------------------------
Start RTL Component Statistics 
---------------------------------------------------------------------------------
Detailed RTL Component Info : 
+---Adders : 
	   2 Input     17 Bit       Adders := 1     
	   2 Input     11 Bit       Adders := 1     
	   2 Input      8 Bit       Adders := 64    
	   2 Input      7 Bit       Adders := 4     
	   2 Input      6 Bit       Adders := 1     
	   2 Input      4 Bit       Adders := 1     
	   2 Input      2 Bit       Adders := 2     
+---Registers : 
	               40 Bit    Registers := 1     
	               17 Bit    Registers := 1     
	               16 Bit    Registers := 1     
	               12 Bit    Registers := 2     
	                7 Bit    Registers := 78    
	                6 Bit    Registers := 1     
	                4 Bit    Registers := 1     
	                2 Bit    Registers := 1     
	                1 Bit    Registers := 21    
+---Muxes : 
	   2 Input     40 Bit        Muxes := 3     
	  32 Input     32 Bit        Muxes := 1     
	   2 Input     32 Bit        Muxes := 2     
	  32 Input     20 Bit        Muxes := 1     
	   2 Input     17 Bit        Muxes := 1     
	   2 Input     16 Bit        Muxes := 2     
	   2 Input     11 Bit        Muxes := 4     
	   4 Input      7 Bit        Muxes := 4     
	   2 Input      7 Bit        Muxes := 8     
	  32 Input      6 Bit        Muxes := 1     
	   2 Input      6 Bit        Muxes := 1     
	   2 Input      5 Bit        Muxes := 2     
	  32 Input      5 Bit        Muxes := 2     
	   2 Input      2 Bit        Muxes := 1     
	   2 Input      1 Bit        Muxes := 462   
---------------------------------------------------------------------------------
Finished RTL Component Statistics 
---------------------------------------------------------------------------------
---------------------------------------------------------------------------------
Start RTL Hierarchical Component Statistics 
---------------------------------------------------------------------------------
Hierarchical RTL Component report 
Module clk_custom 
Detailed RTL Component Info : 
+---Registers : 
	                1 Bit    Registers := 1     
Module Audio_Capture 
Detailed RTL Component Info : 
+---Registers : 
	               12 Bit    Registers := 2     
	                1 Bit    Registers := 1     
Module dff 
Detailed RTL Component Info : 
+---Registers : 
	                1 Bit    Registers := 1     
Module snake_signal 
Detailed RTL Component Info : 
+---Registers : 
	                1 Bit    Registers := 4     
+---Muxes : 
	   2 Input      1 Bit        Muxes := 2     
Module random_coor 
Detailed RTL Component Info : 
+---Adders : 
	   2 Input      4 Bit       Adders := 1     
+---Registers : 
	                7 Bit    Registers := 14    
	                4 Bit    Registers := 1     
Module snake_game 
Detailed RTL Component Info : 
+---Adders : 
	   2 Input     11 Bit       Adders := 1     
	   2 Input      8 Bit       Adders := 64    
	   2 Input      7 Bit       Adders := 4     
	   2 Input      2 Bit       Adders := 2     
+---Registers : 
	               16 Bit    Registers := 1     
	                7 Bit    Registers := 64    
	                2 Bit    Registers := 1     
	                1 Bit    Registers := 4     
+---Muxes : 
	   2 Input     16 Bit        Muxes := 2     
	   2 Input     11 Bit        Muxes := 4     
	   4 Input      7 Bit        Muxes := 4     
	   2 Input      7 Bit        Muxes := 8     
	   2 Input      2 Bit        Muxes := 1     
	   2 Input      1 Bit        Muxes := 458   
Module Oled_Display 
Detailed RTL Component Info : 
+---Adders : 
	   2 Input     17 Bit       Adders := 1     
	   2 Input      6 Bit       Adders := 1     
+---Registers : 
	               40 Bit    Registers := 1     
	               17 Bit    Registers := 1     
	                6 Bit    Registers := 1     
+---Muxes : 
	   2 Input     40 Bit        Muxes := 3     
	  32 Input     32 Bit        Muxes := 1     
	   2 Input     32 Bit        Muxes := 2     
	  32 Input     20 Bit        Muxes := 1     
	   2 Input     17 Bit        Muxes := 1     
	  32 Input      6 Bit        Muxes := 1     
	   2 Input      6 Bit        Muxes := 1     
	   2 Input      5 Bit        Muxes := 2     
	  32 Input      5 Bit        Muxes := 2     
	   2 Input      1 Bit        Muxes := 2     
---------------------------------------------------------------------------------
Finished RTL Hierarchical Component Statistics
---------------------------------------------------------------------------------
---------------------------------------------------------------------------------
Start Part Resource Summary
---------------------------------------------------------------------------------
Part Resources:
DSPs: 90 (col length:60)
BRAMs: 100 (col length: RAMB18 60 RAMB36 30)
---------------------------------------------------------------------------------
Finished Part Resource Summary
---------------------------------------------------------------------------------
---------------------------------------------------------------------------------
Start Cross Boundary and Area Optimization
---------------------------------------------------------------------------------
Warning: Parallel synthesis criteria is not met 
WARNING: [Synth 8-6014] Unused sequential element c2/new_clk_reg was removed.  [C:/Users/mayan/OneDrive - National University of Singapore/Desktop/SoundDisplayV1.1.xpr/SoundDisplay/SoundDisplay.srcs/sources_1/new/clk_custom.v:31]
WARNING: [Synth 8-6014] Unused sequential element f0/temp_reg was removed.  [C:/Users/mayan/OneDrive - National University of Singapore/Desktop/SoundDisplayV1.1.xpr/SoundDisplay/SoundDisplay.srcs/sources_1/new/Audio_Capture.v:50]
WARNING: [Synth 8-6014] Unused sequential element f0/sample_reg was removed.  [C:/Users/mayan/OneDrive - National University of Singapore/Desktop/SoundDisplayV1.1.xpr/SoundDisplay/SoundDisplay.srcs/sources_1/new/Audio_Capture.v:54]
INFO: [Synth 8-5546] ROM "f6/fsm_next_state0" won't be mapped to RAM because it is too sparse
INFO: [Synth 8-5546] ROM "f6/fsm_next_state0" won't be mapped to RAM because it is too sparse
WARNING: [Synth 8-3331] design Top_Student has unconnected port led[15]
WARNING: [Synth 8-3331] design Top_Student has unconnected port led[14]
WARNING: [Synth 8-3331] design Top_Student has unconnected port led[13]
WARNING: [Synth 8-3331] design Top_Student has unconnected port led[12]
WARNING: [Synth 8-3331] design Top_Student has unconnected port led[11]
WARNING: [Synth 8-3331] design Top_Student has unconnected port led[10]
WARNING: [Synth 8-3331] design Top_Student has unconnected port led[9]
WARNING: [Synth 8-3331] design Top_Student has unconnected port led[8]
WARNING: [Synth 8-3331] design Top_Student has unconnected port led[7]
WARNING: [Synth 8-3331] design Top_Student has unconnected port led[6]
WARNING: [Synth 8-3331] design Top_Student has unconnected port led[5]
WARNING: [Synth 8-3331] design Top_Student has unconnected port led[4]
WARNING: [Synth 8-3331] design Top_Student has unconnected port led[3]
WARNING: [Synth 8-3331] design Top_Student has unconnected port led[2]
WARNING: [Synth 8-3331] design Top_Student has unconnected port led[1]
WARNING: [Synth 8-3331] design Top_Student has unconnected port led[0]
WARNING: [Synth 8-3331] design Top_Student has unconnected port seg[7]
WARNING: [Synth 8-3331] design Top_Student has unconnected port seg[6]
WARNING: [Synth 8-3331] design Top_Student has unconnected port seg[5]
WARNING: [Synth 8-3331] design Top_Student has unconnected port seg[4]
WARNING: [Synth 8-3331] design Top_Student has unconnected port seg[3]
WARNING: [Synth 8-3331] design Top_Student has unconnected port seg[2]
WARNING: [Synth 8-3331] design Top_Student has unconnected port seg[1]
WARNING: [Synth 8-3331] design Top_Student has unconnected port seg[0]
WARNING: [Synth 8-3331] design Top_Student has unconnected port JC[2]
WARNING: [Synth 8-3331] design Top_Student has unconnected port btnD
WARNING: [Synth 8-3331] design Top_Student has unconnected port sw[15]
WARNING: [Synth 8-3331] design Top_Student has unconnected port sw[14]
WARNING: [Synth 8-3331] design Top_Student has unconnected port sw[13]
WARNING: [Synth 8-3331] design Top_Student has unconnected port sw[12]
WARNING: [Synth 8-3331] design Top_Student has unconnected port sw[11]
WARNING: [Synth 8-3331] design Top_Student has unconnected port sw[10]
WARNING: [Synth 8-3331] design Top_Student has unconnected port sw[9]
WARNING: [Synth 8-3331] design Top_Student has unconnected port sw[8]
WARNING: [Synth 8-3331] design Top_Student has unconnected port sw[7]
WARNING: [Synth 8-3331] design Top_Student has unconnected port sw[6]
WARNING: [Synth 8-3331] design Top_Student has unconnected port sw[5]
WARNING: [Synth 8-3331] design Top_Student has unconnected port sw[4]
WARNING: [Synth 8-3331] design Top_Student has unconnected port sw[3]
WARNING: [Synth 8-3331] design Top_Student has unconnected port sw[2]
WARNING: [Synth 8-3331] design Top_Student has unconnected port sw[1]
WARNING: [Synth 8-3331] design Top_Student has unconnected port sw[0]
WARNING: [Synth 8-3331] design Top_Student has unconnected port J_MIC3_Pin3
INFO: [Synth 8-3886] merging instance 'nolabel_line86/oled_data_reg[0]' (FD) to 'nolabel_line86/oled_data_reg[4]'
INFO: [Synth 8-3886] merging instance 'nolabel_line86/oled_data_reg[1]' (FD) to 'nolabel_line86/oled_data_reg[4]'
INFO: [Synth 8-3886] merging instance 'nolabel_line86/oled_data_reg[2]' (FD) to 'nolabel_line86/oled_data_reg[4]'
INFO: [Synth 8-3886] merging instance 'nolabel_line86/oled_data_reg[3]' (FD) to 'nolabel_line86/oled_data_reg[4]'
INFO: [Synth 8-3886] merging instance 'nolabel_line86/oled_data_reg[5]' (FD) to 'nolabel_line86/oled_data_reg[6]'
INFO: [Synth 8-3886] merging instance 'nolabel_line86/oled_data_reg[6]' (FD) to 'nolabel_line86/oled_data_reg[7]'
INFO: [Synth 8-3886] merging instance 'nolabel_line86/oled_data_reg[7]' (FD) to 'nolabel_line86/oled_data_reg[8]'
INFO: [Synth 8-3886] merging instance 'nolabel_line86/oled_data_reg[8]' (FD) to 'nolabel_line86/oled_data_reg[9]'
INFO: [Synth 8-3886] merging instance 'nolabel_line86/oled_data_reg[9]' (FD) to 'nolabel_line86/oled_data_reg[10]'
INFO: [Synth 8-3886] merging instance 'nolabel_line86/oled_data_reg[11]' (FD) to 'nolabel_line86/oled_data_reg[12]'
INFO: [Synth 8-3886] merging instance 'nolabel_line86/oled_data_reg[12]' (FD) to 'nolabel_line86/oled_data_reg[13]'
INFO: [Synth 8-3886] merging instance 'nolabel_line86/oled_data_reg[13]' (FD) to 'nolabel_line86/oled_data_reg[14]'
INFO: [Synth 8-3886] merging instance 'nolabel_line86/oled_data_reg[14]' (FD) to 'nolabel_line86/oled_data_reg[15]'
INFO: [Synth 8-3886] merging instance 'nolabel_line86/nolabel_line42/listX_reg[6][6]' (FD) to 'nolabel_line86/nolabel_line42/listY_reg[7][4]'
INFO: [Synth 8-3886] merging instance 'nolabel_line86/nolabel_line42/listX_reg[3][6]' (FD) to 'nolabel_line86/nolabel_line42/listY_reg[7][4]'
INFO: [Synth 8-3886] merging instance 'nolabel_line86/nolabel_line42/listX_reg[2][6]' (FD) to 'nolabel_line86/nolabel_line42/listY_reg[7][6]'
INFO: [Synth 8-3886] merging instance 'nolabel_line86/nolabel_line42/listX_reg[1][6]' (FD) to 'nolabel_line86/nolabel_line42/listY_reg[7][4]'
INFO: [Synth 8-3886] merging instance 'nolabel_line86/nolabel_line42/listX_reg[6][0]' (FD) to 'nolabel_line86/nolabel_line42/listY_reg[7][6]'
INFO: [Synth 8-3886] merging instance 'nolabel_line86/nolabel_line42/listX_reg[3][0]' (FD) to 'nolabel_line86/nolabel_line42/listY_reg[7][6]'
INFO: [Synth 8-3886] merging instance 'nolabel_line86/nolabel_line42/listX_reg[2][0]' (FD) to 'nolabel_line86/nolabel_line42/listY_reg[7][4]'
INFO: [Synth 8-3886] merging instance 'nolabel_line86/nolabel_line42/listX_reg[1][0]' (FD) to 'nolabel_line86/nolabel_line42/listY_reg[7][6]'
INFO: [Synth 8-3886] merging instance 'nolabel_line86/nolabel_line42/listX_reg[6][1]' (FD) to 'nolabel_line86/nolabel_line42/listY_reg[7][4]'
INFO: [Synth 8-3886] merging instance 'nolabel_line86/nolabel_line42/listX_reg[3][1]' (FD) to 'nolabel_line86/nolabel_line42/listY_reg[7][6]'
INFO: [Synth 8-3886] merging instance 'nolabel_line86/nolabel_line42/listX_reg[2][1]' (FD) to 'nolabel_line86/nolabel_line42/listY_reg[7][4]'
INFO: [Synth 8-3886] merging instance 'nolabel_line86/nolabel_line42/listX_reg[1][1]' (FD) to 'nolabel_line86/nolabel_line42/listY_reg[7][6]'
INFO: [Synth 8-3886] merging instance 'nolabel_line86/nolabel_line42/listX_reg[6][2]' (FD) to 'nolabel_line86/nolabel_line42/listY_reg[7][6]'
INFO: [Synth 8-3886] merging instance 'nolabel_line86/nolabel_line42/listX_reg[3][2]' (FD) to 'nolabel_line86/nolabel_line42/listY_reg[7][6]'
INFO: [Synth 8-3886] merging instance 'nolabel_line86/nolabel_line42/listX_reg[2][2]' (FD) to 'nolabel_line86/nolabel_line42/listY_reg[7][4]'
INFO: [Synth 8-3886] merging instance 'nolabel_line86/nolabel_line42/listX_reg[1][2]' (FD) to 'nolabel_line86/nolabel_line42/listY_reg[7][4]'
INFO: [Synth 8-3886] merging instance 'nolabel_line86/nolabel_line42/listX_reg[6][3]' (FD) to 'nolabel_line86/nolabel_line42/listY_reg[7][4]'
INFO: [Synth 8-3886] merging instance 'nolabel_line86/nolabel_line42/listX_reg[3][3]' (FD) to 'nolabel_line86/nolabel_line42/listY_reg[7][4]'
INFO: [Synth 8-3886] merging instance 'nolabel_line86/nolabel_line42/listX_reg[2][3]' (FD) to 'nolabel_line86/nolabel_line42/listY_reg[7][6]'
INFO: [Synth 8-3886] merging instance 'nolabel_line86/nolabel_line42/listX_reg[1][3]' (FD) to 'nolabel_line86/nolabel_line42/listY_reg[7][6]'
INFO: [Synth 8-3886] merging instance 'nolabel_line86/nolabel_line42/listX_reg[6][4]' (FD) to 'nolabel_line86/nolabel_line42/listY_reg[7][4]'
INFO: [Synth 8-3886] merging instance 'nolabel_line86/nolabel_line42/listX_reg[3][4]' (FD) to 'nolabel_line86/nolabel_line42/listY_reg[7][6]'
INFO: [Synth 8-3886] merging instance 'nolabel_line86/nolabel_line42/listX_reg[2][4]' (FD) to 'nolabel_line86/nolabel_line42/listY_reg[7][4]'
INFO: [Synth 8-3886] merging instance 'nolabel_line86/nolabel_line42/listX_reg[1][4]' (FD) to 'nolabel_line86/nolabel_line42/listY_reg[7][6]'
INFO: [Synth 8-3886] merging instance 'nolabel_line86/nolabel_line42/listX_reg[6][5]' (FD) to 'nolabel_line86/nolabel_line42/listY_reg[7][6]'
INFO: [Synth 8-3886] merging instance 'nolabel_line86/nolabel_line42/listX_reg[3][5]' (FD) to 'nolabel_line86/nolabel_line42/listY_reg[7][6]'
INFO: [Synth 8-3886] merging instance 'nolabel_line86/nolabel_line42/listX_reg[2][5]' (FD) to 'nolabel_line86/nolabel_line42/listY_reg[7][6]'
INFO: [Synth 8-3886] merging instance 'nolabel_line86/nolabel_line42/listX_reg[1][5]' (FD) to 'nolabel_line86/nolabel_line42/listY_reg[7][6]'
INFO: [Synth 8-3886] merging instance 'nolabel_line86/nolabel_line42/listY_reg[9][6]' (FD) to 'nolabel_line86/nolabel_line42/listY_reg[7][6]'
INFO: [Synth 8-3886] merging instance 'nolabel_line86/nolabel_line42/listX_reg[0][6]' (FD) to 'nolabel_line86/nolabel_line42/listY_reg[7][6]'
INFO: [Synth 8-3886] merging instance 'nolabel_line86/nolabel_line42/listY_reg[7][6]' (FD) to 'nolabel_line86/nolabel_line42/listY_reg[7][5]'
INFO: [Synth 8-3886] merging instance 'nolabel_line86/nolabel_line42/listX_reg[7][6]' (FD) to 'nolabel_line86/nolabel_line42/listY_reg[7][5]'
INFO: [Synth 8-3886] merging instance 'nolabel_line86/nolabel_line42/listX_reg[5][6]' (FD) to 'nolabel_line86/nolabel_line42/listY_reg[7][5]'
INFO: [Synth 8-3886] merging instance 'nolabel_line86/nolabel_line42/listX_reg[4][6]' (FD) to 'nolabel_line86/nolabel_line42/listY_reg[7][5]'
INFO: [Synth 8-3886] merging instance 'nolabel_line86/nolabel_line42/listY_reg[3][6]' (FD) to 'nolabel_line86/nolabel_line42/listY_reg[7][5]'
INFO: [Synth 8-3886] merging instance 'nolabel_line86/nolabel_line42/listX_reg[8][6]' (FD) to 'nolabel_line86/nolabel_line42/listY_reg[7][5]'
INFO: [Synth 8-3886] merging instance 'nolabel_line86/nolabel_line42/listX_reg[9][6]' (FD) to 'nolabel_line86/nolabel_line42/listY_reg[7][5]'
INFO: [Synth 8-3886] merging instance 'nolabel_line86/nolabel_line42/listY_reg[0][6]' (FD) to 'nolabel_line86/nolabel_line42/listY_reg[7][5]'
INFO: [Synth 8-3886] merging instance 'nolabel_line86/nolabel_line42/listY_reg[9][0]' (FD) to 'nolabel_line86/nolabel_line42/listY_reg[7][4]'
INFO: [Synth 8-3886] merging instance 'nolabel_line86/nolabel_line42/listX_reg[0][0]' (FD) to 'nolabel_line86/nolabel_line42/listY_reg[7][5]'
INFO: [Synth 8-3886] merging instance 'nolabel_line86/nolabel_line42/listY_reg[7][0]' (FD) to 'nolabel_line86/nolabel_line42/listY_reg[7][4]'
INFO: [Synth 8-3886] merging instance 'nolabel_line86/nolabel_line42/listX_reg[7][0]' (FD) to 'nolabel_line86/nolabel_line42/listY_reg[7][5]'
INFO: [Synth 8-3886] merging instance 'nolabel_line86/nolabel_line42/listX_reg[5][0]' (FD) to 'nolabel_line86/nolabel_line42/listY_reg[7][4]'
INFO: [Synth 8-3886] merging instance 'nolabel_line86/nolabel_line42/listX_reg[4][0]' (FD) to 'nolabel_line86/nolabel_line42/listY_reg[7][4]'
INFO: [Synth 8-3886] merging instance 'nolabel_line86/nolabel_line42/listY_reg[3][0]' (FD) to 'nolabel_line86/nolabel_line42/listY_reg[7][4]'
INFO: [Synth 8-3886] merging instance 'nolabel_line86/nolabel_line42/listX_reg[8][0]' (FD) to 'nolabel_line86/nolabel_line42/listY_reg[7][5]'
INFO: [Synth 8-3886] merging instance 'nolabel_line86/nolabel_line42/listX_reg[9][0]' (FD) to 'nolabel_line86/nolabel_line42/listY_reg[7][5]'
INFO: [Synth 8-3886] merging instance 'nolabel_line86/nolabel_line42/listY_reg[0][0]' (FD) to 'nolabel_line86/nolabel_line42/listY_reg[7][4]'
INFO: [Synth 8-3886] merging instance 'nolabel_line86/nolabel_line42/listY_reg[9][1]' (FD) to 'nolabel_line86/nolabel_line42/listY_reg[7][4]'
INFO: [Synth 8-3886] merging instance 'nolabel_line86/nolabel_line42/listX_reg[0][1]' (FD) to 'nolabel_line86/nolabel_line42/listY_reg[7][4]'
INFO: [Synth 8-3886] merging instance 'nolabel_line86/nolabel_line42/listY_reg[7][1]' (FD) to 'nolabel_line86/nolabel_line42/listY_reg[7][4]'
INFO: [Synth 8-3886] merging instance 'nolabel_line86/nolabel_line42/listX_reg[7][1]' (FD) to 'nolabel_line86/nolabel_line42/listY_reg[7][4]'
INFO: [Synth 8-3886] merging instance 'nolabel_line86/nolabel_line42/listX_reg[5][1]' (FD) to 'nolabel_line86/nolabel_line42/listY_reg[7][4]'
INFO: [Synth 8-3886] merging instance 'nolabel_line86/nolabel_line42/listX_reg[4][1]' (FD) to 'nolabel_line86/nolabel_line42/listY_reg[7][4]'
INFO: [Synth 8-3886] merging instance 'nolabel_line86/nolabel_line42/listY_reg[3][1]' (FD) to 'nolabel_line86/nolabel_line42/listY_reg[7][5]'
INFO: [Synth 8-3886] merging instance 'nolabel_line86/nolabel_line42/listX_reg[8][1]' (FD) to 'nolabel_line86/nolabel_line42/listY_reg[7][4]'
INFO: [Synth 8-3886] merging instance 'nolabel_line86/nolabel_line42/listX_reg[9][1]' (FD) to 'nolabel_line86/nolabel_line42/listY_reg[7][5]'
INFO: [Synth 8-3886] merging instance 'nolabel_line86/nolabel_line42/listY_reg[0][1]' (FD) to 'nolabel_line86/nolabel_line42/listY_reg[7][5]'
INFO: [Synth 8-3886] merging instance 'nolabel_line86/nolabel_line42/listY_reg[9][2]' (FD) to 'nolabel_line86/nolabel_line42/listY_reg[7][4]'
INFO: [Synth 8-3886] merging instance 'nolabel_line86/nolabel_line42/listX_reg[0][2]' (FD) to 'nolabel_line86/nolabel_line42/listY_reg[7][5]'
INFO: [Synth 8-3886] merging instance 'nolabel_line86/nolabel_line42/listY_reg[7][2]' (FD) to 'nolabel_line86/nolabel_line42/listY_reg[7][5]'
INFO: [Synth 8-3886] merging instance 'nolabel_line86/nolabel_line42/listX_reg[7][2]' (FD) to 'nolabel_line86/nolabel_line42/listY_reg[7][4]'
INFO: [Synth 8-3886] merging instance 'nolabel_line86/nolabel_line42/listX_reg[5][2]' (FD) to 'nolabel_line86/nolabel_line42/listY_reg[7][4]'
INFO: [Synth 8-3886] merging instance 'nolabel_line86/nolabel_line42/listX_reg[4][2]' (FD) to 'nolabel_line86/nolabel_line42/listY_reg[7][4]'
INFO: [Synth 8-3886] merging instance 'nolabel_line86/nolabel_line42/listY_reg[3][2]' (FD) to 'nolabel_line86/nolabel_line42/listY_reg[7][4]'
INFO: [Synth 8-3886] merging instance 'nolabel_line86/nolabel_line42/listX_reg[8][2]' (FD) to 'nolabel_line86/nolabel_line42/listY_reg[7][5]'
INFO: [Synth 8-3886] merging instance 'nolabel_line86/nolabel_line42/listX_reg[9][2]' (FD) to 'nolabel_line86/nolabel_line42/listY_reg[7][4]'
INFO: [Synth 8-3886] merging instance 'nolabel_line86/nolabel_line42/listY_reg[0][2]' (FD) to 'nolabel_line86/nolabel_line42/listY_reg[7][4]'
INFO: [Synth 8-3886] merging instance 'nolabel_line86/nolabel_line42/listY_reg[9][3]' (FD) to 'nolabel_line86/nolabel_line42/listY_reg[7][4]'
INFO: [Synth 8-3886] merging instance 'nolabel_line86/nolabel_line42/listX_reg[0][3]' (FD) to 'nolabel_line86/nolabel_line42/listY_reg[7][5]'
INFO: [Synth 8-3886] merging instance 'nolabel_line86/nolabel_line42/listY_reg[7][3]' (FD) to 'nolabel_line86/nolabel_line42/listY_reg[7][4]'
INFO: [Synth 8-3886] merging instance 'nolabel_line86/nolabel_line42/listX_reg[7][3]' (FD) to 'nolabel_line86/nolabel_line42/listY_reg[7][4]'
INFO: [Synth 8-3886] merging instance 'nolabel_line86/nolabel_line42/listX_reg[5][3]' (FD) to 'nolabel_line86/nolabel_line42/listY_reg[7][4]'
INFO: [Synth 8-3886] merging instance 'nolabel_line86/nolabel_line42/listX_reg[4][3]' (FD) to 'nolabel_line86/nolabel_line42/listY_reg[7][5]'
INFO: [Synth 8-3886] merging instance 'nolabel_line86/nolabel_line42/listY_reg[3][3]' (FD) to 'nolabel_line86/nolabel_line42/listY_reg[7][5]'
INFO: [Synth 8-3886] merging instance 'nolabel_line86/nolabel_line42/listX_reg[8][3]' (FD) to 'nolabel_line86/nolabel_line42/listY_reg[7][4]'
INFO: [Synth 8-3886] merging instance 'nolabel_line86/nolabel_line42/listX_reg[9][3]' (FD) to 'nolabel_line86/nolabel_line42/listY_reg[7][4]'
INFO: [Synth 8-3886] merging instance 'nolabel_line86/nolabel_line42/listY_reg[0][3]' (FD) to 'nolabel_line86/nolabel_line42/listY_reg[7][4]'
INFO: [Synth 8-3886] merging instance 'nolabel_line86/nolabel_line42/listY_reg[9][4]' (FD) to 'nolabel_line86/nolabel_line42/listY_reg[7][5]'
INFO: [Synth 8-3886] merging instance 'nolabel_line86/nolabel_line42/listX_reg[0][4]' (FD) to 'nolabel_line86/nolabel_line42/listY_reg[7][4]'
INFO: [Synth 8-3886] merging instance 'nolabel_line86/nolabel_line42/listY_reg[7][4]' (FD) to 'nolabel_line86/nolabel_line42/listY_reg[0][4]'
INFO: [Synth 8-3886] merging instance 'nolabel_line86/nolabel_line42/listX_reg[7][4]' (FD) to 'nolabel_line86/nolabel_line42/listY_reg[0][4]'
INFO: [Synth 8-3886] merging instance 'nolabel_line86/nolabel_line42/listX_reg[5][4]' (FD) to 'nolabel_line86/nolabel_line42/listY_reg[7][5]'
INFO: [Synth 8-3886] merging instance 'nolabel_line86/nolabel_line42/listX_reg[4][4]' (FD) to 'nolabel_line86/nolabel_line42/listY_reg[7][5]'
INFO: [Synth 8-3886] merging instance 'nolabel_line86/nolabel_line42/listY_reg[3][4]' (FD) to 'nolabel_line86/nolabel_line42/listY_reg[0][4]'
INFO: [Synth 8-3886] merging instance 'nolabel_line86/nolabel_line42/listX_reg[8][4]' (FD) to 'nolabel_line86/nolabel_line42/listY_reg[7][5]'
INFO: [Synth 8-3886] merging instance 'nolabel_line86/nolabel_line42/listX_reg[9][4]' (FD) to 'nolabel_line86/nolabel_line42/listY_reg[0][4]'
INFO: [Common 17-14] Message 'Synth 8-3886' appears 100 times and further instances of the messages will be disabled. Use the Tcl command set_msg_config to change the current settings.
INFO: [Synth 8-3333] propagating constant 1 across sequential element (nolabel_line86/nolabel_line42/\listX_reg[9][5] )
INFO: [Synth 8-3333] propagating constant 0 across sequential element (nolabel_line86/nolabel_line42/\listY_reg[0][5] )
WARNING: [Synth 8-3332] Sequential element (listY_reg[0][5]) is unused and will be removed from module random_coor.
WARNING: [Synth 8-3332] Sequential element (listX_reg[9][5]) is unused and will be removed from module random_coor.
---------------------------------------------------------------------------------
Finished Cross Boundary and Area Optimization : Time (s): cpu = 00:00:58 ; elapsed = 00:01:02 . Memory (MB): peak = 763.559 ; gain = 506.801
---------------------------------------------------------------------------------

Report RTL Partitions: 
+-+--------------+------------+----------+
| |RTL Partition |Replication |Instances |
+-+--------------+------------+----------+
+-+--------------+------------+----------+
---------------------------------------------------------------------------------
Start Applying XDC Timing Constraints
---------------------------------------------------------------------------------
---------------------------------------------------------------------------------
Finished Applying XDC Timing Constraints : Time (s): cpu = 00:01:09 ; elapsed = 00:01:15 . Memory (MB): peak = 763.559 ; gain = 506.801
---------------------------------------------------------------------------------
---------------------------------------------------------------------------------
Start Timing Optimization
---------------------------------------------------------------------------------
---------------------------------------------------------------------------------
Finished Timing Optimization : Time (s): cpu = 00:01:10 ; elapsed = 00:01:16 . Memory (MB): peak = 775.586 ; gain = 518.828
---------------------------------------------------------------------------------

Report RTL Partitions: 
+-+--------------+------------+----------+
| |RTL Partition |Replication |Instances |
+-+--------------+------------+----------+
+-+--------------+------------+----------+
---------------------------------------------------------------------------------
Start Technology Mapping
---------------------------------------------------------------------------------
WARNING: [Synth 8-3332] Sequential element (nolabel_line86/len_reg[7]) is unused and will be removed from module Top_Student.
WARNING: [Synth 8-3332] Sequential element (nolabel_line86/len_reg[6]) is unused and will be removed from module Top_Student.
WARNING: [Synth 8-3332] Sequential element (nolabel_line86/len_reg[5]) is unused and will be removed from module Top_Student.
WARNING: [Synth 8-3332] Sequential element (nolabel_line86/len_reg[10]) is unused and will be removed from module Top_Student.
WARNING: [Synth 8-3332] Sequential element (nolabel_line86/len_reg[9]) is unused and will be removed from module Top_Student.
WARNING: [Synth 8-3332] Sequential element (nolabel_line86/len_reg[8]) is unused and will be removed from module Top_Student.
WARNING: [Synth 8-3332] Sequential element (nolabel_line86/snakeY_reg[0][0]) is unused and will be removed from module Top_Student.
WARNING: [Synth 8-3332] Sequential element (nolabel_line86/snakeY_reg[1][0]) is unused and will be removed from module Top_Student.
WARNING: [Synth 8-3332] Sequential element (nolabel_line86/snakeX_reg[0][0]) is unused and will be removed from module Top_Student.
WARNING: [Synth 8-3332] Sequential element (nolabel_line86/snakeX_reg[1][0]) is unused and will be removed from module Top_Student.
WARNING: [Synth 8-3332] Sequential element (nolabel_line86/snakeY_reg[2][0]) is unused and will be removed from module Top_Student.
WARNING: [Synth 8-3332] Sequential element (nolabel_line86/snakeX_reg[2][0]) is unused and will be removed from module Top_Student.
WARNING: [Synth 8-3332] Sequential element (nolabel_line86/snakeY_reg[3][0]) is unused and will be removed from module Top_Student.
WARNING: [Synth 8-3332] Sequential element (nolabel_line86/snakeX_reg[3][0]) is unused and will be removed from module Top_Student.
WARNING: [Synth 8-3332] Sequential element (nolabel_line86/snakeY_reg[4][0]) is unused and will be removed from module Top_Student.
WARNING: [Synth 8-3332] Sequential element (nolabel_line86/snakeX_reg[4][0]) is unused and will be removed from module Top_Student.
WARNING: [Synth 8-3332] Sequential element (nolabel_line86/snakeY_reg[5][0]) is unused and will be removed from module Top_Student.
WARNING: [Synth 8-3332] Sequential element (nolabel_line86/snakeX_reg[5][0]) is unused and will be removed from module Top_Student.
WARNING: [Synth 8-3332] Sequential element (nolabel_line86/snakeY_reg[6][0]) is unused and will be removed from module Top_Student.
WARNING: [Synth 8-3332] Sequential element (nolabel_line86/snakeX_reg[6][0]) is unused and will be removed from module Top_Student.
WARNING: [Synth 8-3332] Sequential element (nolabel_line86/snakeY_reg[7][0]) is unused and will be removed from module Top_Student.
WARNING: [Synth 8-3332] Sequential element (nolabel_line86/snakeX_reg[7][0]) is unused and will be removed from module Top_Student.
WARNING: [Synth 8-3332] Sequential element (nolabel_line86/snakeY_reg[8][0]) is unused and will be removed from module Top_Student.
WARNING: [Synth 8-3332] Sequential element (nolabel_line86/snakeX_reg[8][0]) is unused and will be removed from module Top_Student.
WARNING: [Synth 8-3332] Sequential element (nolabel_line86/snakeY_reg[9][0]) is unused and will be removed from module Top_Student.
WARNING: [Synth 8-3332] Sequential element (nolabel_line86/snakeX_reg[9][0]) is unused and will be removed from module Top_Student.
WARNING: [Synth 8-3332] Sequential element (nolabel_line86/snakeY_reg[10][0]) is unused and will be removed from module Top_Student.
WARNING: [Synth 8-3332] Sequential element (nolabel_line86/snakeX_reg[10][0]) is unused and will be removed from module Top_Student.
WARNING: [Synth 8-3332] Sequential element (nolabel_line86/snakeY_reg[11][0]) is unused and will be removed from module Top_Student.
WARNING: [Synth 8-3332] Sequential element (nolabel_line86/snakeX_reg[11][0]) is unused and will be removed from module Top_Student.
WARNING: [Synth 8-3332] Sequential element (nolabel_line86/snakeY_reg[12][0]) is unused and will be removed from module Top_Student.
WARNING: [Synth 8-3332] Sequential element (nolabel_line86/snakeX_reg[12][0]) is unused and will be removed from module Top_Student.
WARNING: [Synth 8-3332] Sequential element (nolabel_line86/snakeY_reg[13][0]) is unused and will be removed from module Top_Student.
WARNING: [Synth 8-3332] Sequential element (nolabel_line86/snakeX_reg[13][0]) is unused and will be removed from module Top_Student.
WARNING: [Synth 8-3332] Sequential element (nolabel_line86/snakeY_reg[14][0]) is unused and will be removed from module Top_Student.
WARNING: [Synth 8-3332] Sequential element (nolabel_line86/snakeX_reg[14][0]) is unused and will be removed from module Top_Student.
WARNING: [Synth 8-3332] Sequential element (nolabel_line86/snakeY_reg[15][0]) is unused and will be removed from module Top_Student.
WARNING: [Synth 8-3332] Sequential element (nolabel_line86/snakeX_reg[15][0]) is unused and will be removed from module Top_Student.
WARNING: [Synth 8-3332] Sequential element (nolabel_line86/snakeY_reg[16][0]) is unused and will be removed from module Top_Student.
WARNING: [Synth 8-3332] Sequential element (nolabel_line86/snakeX_reg[16][0]) is unused and will be removed from module Top_Student.
WARNING: [Synth 8-3332] Sequential element (nolabel_line86/snakeY_reg[17][0]) is unused and will be removed from module Top_Student.
WARNING: [Synth 8-3332] Sequential element (nolabel_line86/snakeX_reg[17][0]) is unused and will be removed from module Top_Student.
WARNING: [Synth 8-3332] Sequential element (nolabel_line86/snakeY_reg[18][0]) is unused and will be removed from module Top_Student.
WARNING: [Synth 8-3332] Sequential element (nolabel_line86/snakeX_reg[18][0]) is unused and will be removed from module Top_Student.
WARNING: [Synth 8-3332] Sequential element (nolabel_line86/snakeY_reg[19][0]) is unused and will be removed from module Top_Student.
WARNING: [Synth 8-3332] Sequential element (nolabel_line86/snakeX_reg[19][0]) is unused and will be removed from module Top_Student.
WARNING: [Synth 8-3332] Sequential element (nolabel_line86/snakeY_reg[20][0]) is unused and will be removed from module Top_Student.
WARNING: [Synth 8-3332] Sequential element (nolabel_line86/snakeX_reg[20][0]) is unused and will be removed from module Top_Student.
WARNING: [Synth 8-3332] Sequential element (nolabel_line86/snakeY_reg[21][0]) is unused and will be removed from module Top_Student.
WARNING: [Synth 8-3332] Sequential element (nolabel_line86/snakeX_reg[21][0]) is unused and will be removed from module Top_Student.
WARNING: [Synth 8-3332] Sequential element (nolabel_line86/snakeY_reg[22][0]) is unused and will be removed from module Top_Student.
WARNING: [Synth 8-3332] Sequential element (nolabel_line86/snakeX_reg[22][0]) is unused and will be removed from module Top_Student.
WARNING: [Synth 8-3332] Sequential element (nolabel_line86/snakeY_reg[23][0]) is unused and will be removed from module Top_Student.
WARNING: [Synth 8-3332] Sequential element (nolabel_line86/snakeX_reg[23][0]) is unused and will be removed from module Top_Student.
WARNING: [Synth 8-3332] Sequential element (nolabel_line86/snakeY_reg[24][0]) is unused and will be removed from module Top_Student.
WARNING: [Synth 8-3332] Sequential element (nolabel_line86/snakeX_reg[24][0]) is unused and will be removed from module Top_Student.
WARNING: [Synth 8-3332] Sequential element (nolabel_line86/snakeY_reg[25][0]) is unused and will be removed from module Top_Student.
WARNING: [Synth 8-3332] Sequential element (nolabel_line86/snakeX_reg[25][0]) is unused and will be removed from module Top_Student.
WARNING: [Synth 8-3332] Sequential element (nolabel_line86/snakeY_reg[26][0]) is unused and will be removed from module Top_Student.
WARNING: [Synth 8-3332] Sequential element (nolabel_line86/snakeX_reg[26][0]) is unused and will be removed from module Top_Student.
WARNING: [Synth 8-3332] Sequential element (nolabel_line86/snakeY_reg[27][0]) is unused and will be removed from module Top_Student.
WARNING: [Synth 8-3332] Sequential element (nolabel_line86/snakeX_reg[27][0]) is unused and will be removed from module Top_Student.
WARNING: [Synth 8-3332] Sequential element (nolabel_line86/snakeY_reg[28][0]) is unused and will be removed from module Top_Student.
WARNING: [Synth 8-3332] Sequential element (nolabel_line86/snakeX_reg[28][0]) is unused and will be removed from module Top_Student.
WARNING: [Synth 8-3332] Sequential element (nolabel_line86/snakeY_reg[29][0]) is unused and will be removed from module Top_Student.
WARNING: [Synth 8-3332] Sequential element (nolabel_line86/snakeX_reg[29][0]) is unused and will be removed from module Top_Student.
WARNING: [Synth 8-3332] Sequential element (nolabel_line86/snakeY_reg[30][0]) is unused and will be removed from module Top_Student.
WARNING: [Synth 8-3332] Sequential element (nolabel_line86/snakeX_reg[30][0]) is unused and will be removed from module Top_Student.
WARNING: [Synth 8-3332] Sequential element (nolabel_line86/snakeY_reg[31][6]) is unused and will be removed from module Top_Student.
WARNING: [Synth 8-3332] Sequential element (nolabel_line86/snakeY_reg[31][5]) is unused and will be removed from module Top_Student.
WARNING: [Synth 8-3332] Sequential element (nolabel_line86/snakeY_reg[31][4]) is unused and will be removed from module Top_Student.
WARNING: [Synth 8-3332] Sequential element (nolabel_line86/snakeY_reg[31][3]) is unused and will be removed from module Top_Student.
WARNING: [Synth 8-3332] Sequential element (nolabel_line86/snakeY_reg[31][2]) is unused and will be removed from module Top_Student.
WARNING: [Synth 8-3332] Sequential element (nolabel_line86/snakeY_reg[31][1]) is unused and will be removed from module Top_Student.
WARNING: [Synth 8-3332] Sequential element (nolabel_line86/snakeY_reg[31][0]) is unused and will be removed from module Top_Student.
WARNING: [Synth 8-3332] Sequential element (nolabel_line86/snakeX_reg[31][6]) is unused and will be removed from module Top_Student.
WARNING: [Synth 8-3332] Sequential element (nolabel_line86/snakeX_reg[31][5]) is unused and will be removed from module Top_Student.
WARNING: [Synth 8-3332] Sequential element (nolabel_line86/snakeX_reg[31][4]) is unused and will be removed from module Top_Student.
WARNING: [Synth 8-3332] Sequential element (nolabel_line86/snakeX_reg[31][3]) is unused and will be removed from module Top_Student.
WARNING: [Synth 8-3332] Sequential element (nolabel_line86/snakeX_reg[31][2]) is unused and will be removed from module Top_Student.
WARNING: [Synth 8-3332] Sequential element (nolabel_line86/snakeX_reg[31][1]) is unused and will be removed from module Top_Student.
WARNING: [Synth 8-3332] Sequential element (nolabel_line86/snakeX_reg[31][0]) is unused and will be removed from module Top_Student.
---------------------------------------------------------------------------------
Finished Technology Mapping : Time (s): cpu = 00:01:11 ; elapsed = 00:01:18 . Memory (MB): peak = 818.098 ; gain = 561.340
---------------------------------------------------------------------------------

Report RTL Partitions: 
+-+--------------+------------+----------+
| |RTL Partition |Replication |Instances |
+-+--------------+------------+----------+
+-+--------------+------------+----------+
---------------------------------------------------------------------------------
Start IO Insertion
---------------------------------------------------------------------------------
---------------------------------------------------------------------------------
Start Flattening Before IO Insertion
---------------------------------------------------------------------------------
---------------------------------------------------------------------------------
Finished Flattening Before IO Insertion
---------------------------------------------------------------------------------
---------------------------------------------------------------------------------
Start Final Netlist Cleanup
---------------------------------------------------------------------------------
---------------------------------------------------------------------------------
Finished Final Netlist Cleanup
---------------------------------------------------------------------------------
---------------------------------------------------------------------------------
Finished IO Insertion : Time (s): cpu = 00:01:12 ; elapsed = 00:01:19 . Memory (MB): peak = 818.098 ; gain = 561.340
---------------------------------------------------------------------------------

Report Check Netlist: 
+------+------------------+-------+---------+-------+------------------+
|      |Item              |Errors |Warnings |Status |Description       |
+------+------------------+-------+---------+-------+------------------+
|1     |multi_driven_nets |      0|        0|Passed |Multi driven nets |
+------+------------------+-------+---------+-------+------------------+
---------------------------------------------------------------------------------
Start Renaming Generated Instances
---------------------------------------------------------------------------------
---------------------------------------------------------------------------------
Finished Renaming Generated Instances : Time (s): cpu = 00:01:12 ; elapsed = 00:01:19 . Memory (MB): peak = 818.098 ; gain = 561.340
---------------------------------------------------------------------------------

Report RTL Partitions: 
+-+--------------+------------+----------+
| |RTL Partition |Replication |Instances |
+-+--------------+------------+----------+
+-+--------------+------------+----------+
---------------------------------------------------------------------------------
Start Rebuilding User Hierarchy
---------------------------------------------------------------------------------
---------------------------------------------------------------------------------
Finished Rebuilding User Hierarchy : Time (s): cpu = 00:01:12 ; elapsed = 00:01:19 . Memory (MB): peak = 818.098 ; gain = 561.340
---------------------------------------------------------------------------------
---------------------------------------------------------------------------------
Start Renaming Generated Ports
---------------------------------------------------------------------------------
---------------------------------------------------------------------------------
Finished Renaming Generated Ports : Time (s): cpu = 00:01:12 ; elapsed = 00:01:19 . Memory (MB): peak = 818.098 ; gain = 561.340
---------------------------------------------------------------------------------
---------------------------------------------------------------------------------
Start Handling Custom Attributes
---------------------------------------------------------------------------------
---------------------------------------------------------------------------------
Finished Handling Custom Attributes : Time (s): cpu = 00:01:12 ; elapsed = 00:01:19 . Memory (MB): peak = 818.098 ; gain = 561.340
---------------------------------------------------------------------------------
---------------------------------------------------------------------------------
Start Renaming Generated Nets
---------------------------------------------------------------------------------
---------------------------------------------------------------------------------
Finished Renaming Generated Nets : Time (s): cpu = 00:01:12 ; elapsed = 00:01:19 . Memory (MB): peak = 818.098 ; gain = 561.340
---------------------------------------------------------------------------------
---------------------------------------------------------------------------------
Start Writing Synthesis Report
---------------------------------------------------------------------------------

Report BlackBoxes: 
+-+--------------+----------+
| |BlackBox name |Instances |
+-+--------------+----------+
+-+--------------+----------+

Report Cell Usage: 
+------+-------+------+
|      |Cell   |Count |
+------+-------+------+
|1     |BUFG   |     3|
|2     |CARRY4 |    52|
|3     |LUT1   |    15|
|4     |LUT2   |   139|
|5     |LUT3   |    90|
|6     |LUT4   |   127|
|7     |LUT5   |   153|
|8     |LUT6   |   534|
|9     |MUXF7  |     2|
|10    |FDRE   |   466|
|11    |FDRE_1 |    31|
|12    |FDSE   |   131|
|13    |FDSE_1 |     1|
|14    |IBUF   |     5|
|15    |OBUF   |     9|
|16    |OBUFT  |    25|
+------+-------+------+

Report Instance Areas: 
+------+-------------------+-----------------------+------+
|      |Instance           |Module                 |Cells |
+------+-------------------+-----------------------+------+
|1     |top                |                       |  1783|
|2     |  c1               |clk_custom             |    51|
|3     |  c3               |clk_custom_0           |    50|
|4     |  c4               |clk_custom_1           |    51|
|5     |  f0               |Audio_Capture          |    41|
|6     |  f10              |single_pulse_circuit   |     2|
|7     |    f1             |dff_10                 |     1|
|8     |    f2             |dff_11                 |     1|
|9     |  f2               |single_pulse_circuit_2 |     5|
|10    |    f1             |dff_8                  |     2|
|11    |    f2             |dff_9                  |     3|
|12    |  f3               |single_pulse_circuit_3 |     3|
|13    |    f1             |dff_6                  |     2|
|14    |    f2             |dff_7                  |     1|
|15    |  f4               |single_pulse_circuit_4 |     3|
|16    |    f1             |dff                    |     2|
|17    |    f2             |dff_5                  |     1|
|18    |  f5               |convert_to_coordinate  |    63|
|19    |  f6               |Oled_Display           |   602|
|20    |  nolabel_line85   |snake_signal           |    15|
|21    |  nolabel_line86   |snake_game             |   854|
|22    |    nolabel_line42 |random_coor            |    41|
+------+-------------------+-----------------------+------+
---------------------------------------------------------------------------------
Finished Writing Synthesis Report : Time (s): cpu = 00:01:12 ; elapsed = 00:01:19 . Memory (MB): peak = 818.098 ; gain = 561.340
---------------------------------------------------------------------------------
Synthesis finished with 0 errors, 0 critical warnings and 130 warnings.
Synthesis Optimization Runtime : Time (s): cpu = 00:00:56 ; elapsed = 00:01:09 . Memory (MB): peak = 818.098 ; gain = 219.828
Synthesis Optimization Complete : Time (s): cpu = 00:01:13 ; elapsed = 00:01:19 . Memory (MB): peak = 818.098 ; gain = 561.340
INFO: [Project 1-571] Translating synthesized netlist
INFO: [Netlist 29-17] Analyzing 91 Unisim elements for replacement
INFO: [Netlist 29-28] Unisim Transformation completed in 0 CPU seconds
INFO: [Project 1-570] Preparing netlist for logic optimization
INFO: [Opt 31-138] Pushed 0 inverter(s) to 0 load pin(s).
INFO: [Project 1-111] Unisim Transformation Summary:
  A total of 32 instances were transformed.
  FDRE_1 => FDRE (inverted pins: C): 31 instances
  FDSE_1 => FDSE (inverted pins: C): 1 instances

INFO: [Common 17-83] Releasing license: Synthesis
151 Infos, 283 Warnings, 0 Critical Warnings and 0 Errors encountered.
synth_design completed successfully
synth_design: Time (s): cpu = 00:01:15 ; elapsed = 00:01:22 . Memory (MB): peak = 818.098 ; gain = 574.164
WARNING: [Constraints 18-5210] No constraint will be written out.
INFO: [Common 17-1381] The checkpoint 'C:/Users/mayan/OneDrive - National University of Singapore/Desktop/SoundDisplayV1.1.xpr/SoundDisplay/SoundDisplay.runs/synth_1/Top_Student.dcp' has been generated.
INFO: [runtcl-4] Executing : report_utilization -file Top_Student_utilization_synth.rpt -pb Top_Student_utilization_synth.pb
report_utilization: Time (s): cpu = 00:00:00 ; elapsed = 00:00:00.066 . Memory (MB): peak = 818.098 ; gain = 0.000
INFO: [Common 17-206] Exiting Vivado at Fri Apr  2 03:06:41 2021...
